Using pre-set license
Built from '2021.3/staging' branch; Version is '2021.3.24f1 (cf10dcf7010d) revision 13570268'; Using compiler version '192829333'; Build Type 'Release'
OS: 'Windows 10  (10.0.19045) 64bit ProfessionalWorkstation' Language: 'en' Physical Memory: 16306 MB
BatchMode: 1, IsHumanControllingUs: 0, StartBugReporterOnCrash: 0, Is64bit: 1, IsPro: 1

COMMAND LINE ARGUMENTS:
C:\Program Files\Unity\Hub\Editor\2021.3.24f1\Editor\Unity.exe
-adb2
-batchMode
-noUpm
-name
AssetImportWorker0
-projectPath
C:/Users/Imaginarium Admin/Documents/GitHub/COMM-170-Jiang
-logFile
Logs/AssetImportWorker0.log
-srvPort
54053
Successfully changed project path to: C:/Users/Imaginarium Admin/Documents/GitHub/COMM-170-Jiang
C:/Users/Imaginarium Admin/Documents/GitHub/COMM-170-Jiang
[UnityMemory] Configuration Parameters - Can be set up in boot.config
    "memorysetup-bucket-allocator-granularity=16"
    "memorysetup-bucket-allocator-bucket-count=8"
    "memorysetup-bucket-allocator-block-size=33554432"
    "memorysetup-bucket-allocator-block-count=8"
    "memorysetup-main-allocator-block-size=16777216"
    "memorysetup-thread-allocator-block-size=16777216"
    "memorysetup-gfx-main-allocator-block-size=16777216"
    "memorysetup-gfx-thread-allocator-block-size=16777216"
    "memorysetup-cache-allocator-block-size=4194304"
    "memorysetup-typetree-allocator-block-size=2097152"
    "memorysetup-profiler-bucket-allocator-granularity=16"
    "memorysetup-profiler-bucket-allocator-bucket-count=8"
    "memorysetup-profiler-bucket-allocator-block-size=33554432"
    "memorysetup-profiler-bucket-allocator-block-count=8"
    "memorysetup-profiler-allocator-block-size=16777216"
    "memorysetup-profiler-editor-allocator-block-size=1048576"
    "memorysetup-temp-allocator-size-main=16777216"
    "memorysetup-job-temp-allocator-block-size=2097152"
    "memorysetup-job-temp-allocator-block-size-background=1048576"
    "memorysetup-job-temp-allocator-reduction-small-platforms=262144"
    "memorysetup-temp-allocator-size-background-worker=32768"
    "memorysetup-temp-allocator-size-job-worker=262144"
    "memorysetup-temp-allocator-size-preload-manager=33554432"
    "memorysetup-temp-allocator-size-nav-mesh-worker=65536"
    "memorysetup-temp-allocator-size-audio-worker=65536"
    "memorysetup-temp-allocator-size-cloud-worker=32768"
    "memorysetup-temp-allocator-size-gi-baking-worker=262144"
    "memorysetup-temp-allocator-size-gfx=262144"
Player connection [18964] Host "[IP] 172.16.3.103 [Port] 0 [Flags] 2 [Guid] 1228546317 [EditorId] 1228546317 [Version] 1048832 [Id] WindowsEditor(7,IMG-D-01006) [Debug] 1 [PackageName] WindowsEditor [ProjectName] Editor" joined multi-casting on [225.0.0.222:54997]...

Player connection [18964] Host "[IP] 172.16.3.103 [Port] 0 [Flags] 2 [Guid] 1228546317 [EditorId] 1228546317 [Version] 1048832 [Id] WindowsEditor(7,IMG-D-01006) [Debug] 1 [PackageName] WindowsEditor [ProjectName] Editor" joined alternative multi-casting on [225.0.0.222:34997]...

Refreshing native plugins compatible for Editor in 100.24 ms, found 3 plugins.
Preloading 0 native plugins for Editor in 0.00 ms.
Initialize engine version: 2021.3.24f1 (cf10dcf7010d)
[Subsystems] Discovering subsystems at path C:/Program Files/Unity/Hub/Editor/2021.3.24f1/Editor/Data/Resources/UnitySubsystems
[Subsystems] Discovering subsystems at path C:/Users/Imaginarium Admin/Documents/GitHub/COMM-170-Jiang/Assets
GfxDevice: creating device client; threaded=0; jobified=0
Direct3D:
    Version:  Direct3D 11.0 [level 11.1]
    Renderer: NVIDIA Quadro P4000 (ID=0x1bb1)
    Vendor:   NVIDIA
    VRAM:     8089 MB
    Driver:   30.0.14.7212
Initialize mono
Mono path[0] = 'C:/Program Files/Unity/Hub/Editor/2021.3.24f1/Editor/Data/Managed'
Mono path[1] = 'C:/Program Files/Unity/Hub/Editor/2021.3.24f1/Editor/Data/MonoBleedingEdge/lib/mono/unityjit-win32'
Mono config path = 'C:/Program Files/Unity/Hub/Editor/2021.3.24f1/Editor/Data/MonoBleedingEdge/etc'
Using monoOptions --debugger-agent=transport=dt_socket,embedding=1,server=y,suspend=n,address=127.0.0.1:56408
Begin MonoManager ReloadAssembly
Registering precompiled unity dll's ...
Register platform support module: C:/Program Files/Unity/Hub/Editor/2021.3.24f1/Editor/Data/PlaybackEngines/WindowsStandaloneSupport/UnityEditor.WindowsStandalone.Extensions.dll
Registered in 0.028539 seconds.
Native extension for WindowsStandalone target not found
Refreshing native plugins compatible for Editor in 78.59 ms, found 3 plugins.
Preloading 0 native plugins for Editor in 0.00 ms.
Mono: successfully reloaded assembly
- Completed reload, in  1.234 seconds
Domain Reload Profiling:
	ReloadAssembly (1235ms)
		BeginReloadAssembly (253ms)
			ExecutionOrderSort (0ms)
			DisableScriptedObjects (0ms)
			BackupInstance (0ms)
			ReleaseScriptingObjects (0ms)
			CreateAndSetChildDomain (1ms)
		EndReloadAssembly (727ms)
			LoadAssemblies (248ms)
			RebuildTransferFunctionScriptingTraits (1ms)
			SetupTypeCache (219ms)
			ReleaseScriptCaches (0ms)
			RebuildScriptCaches (39ms)
			SetupLoadedEditorAssemblies (374ms)
				LogAssemblyErrors (0ms)
				InitializePlatformSupportModulesInManaged (16ms)
				SetLoadedEditorAssemblies (0ms)
				RefreshPlugins (79ms)
				BeforeProcessingInitializeOnLoad (1ms)
				ProcessInitializeOnLoadAttributes (207ms)
				ProcessInitializeOnLoadMethodAttributes (70ms)
				AfterProcessingInitializeOnLoad (0ms)
				EditorAssembliesLoaded (0ms)
			ExecutionOrderSort2 (0ms)
			AwakeInstancesAfterBackupRestoration (0ms)
Platform modules already initialized, skipping
Registering precompiled user dll's ...
Registered in 0.049992 seconds.
Begin MonoManager ReloadAssembly
Symbol file LoadedFromMemory doesn't match image C:\Users\Imaginarium Admin\Documents\GitHub\COMM-170-Jiang\Library\PackageCache\com.unity.visualscripting@1.8.0\Editor\VisualScripting.Core\Dependencies\YamlDotNet\Unity.VisualScripting.YamlDotNet.dll
Symbol file LoadedFromMemory doesn't match image C:\Users\Imaginarium Admin\Documents\GitHub\COMM-170-Jiang\Library\PackageCache\com.unity.visualscripting@1.8.0\Editor\VisualScripting.Core\Dependencies\DotNetZip\Unity.VisualScripting.IonicZip.dll
Native extension for WindowsStandalone target not found
Refreshing native plugins compatible for Editor in 0.85 ms, found 3 plugins.
Preloading 0 native plugins for Editor in 0.00 ms.
Mono: successfully reloaded assembly
- Completed reload, in  1.493 seconds
Domain Reload Profiling:
	ReloadAssembly (1494ms)
		BeginReloadAssembly (273ms)
			ExecutionOrderSort (0ms)
			DisableScriptedObjects (7ms)
			BackupInstance (0ms)
			ReleaseScriptingObjects (0ms)
			CreateAndSetChildDomain (25ms)
		EndReloadAssembly (1045ms)
			LoadAssemblies (328ms)
			RebuildTransferFunctionScriptingTraits (0ms)
			SetupTypeCache (287ms)
			ReleaseScriptCaches (1ms)
			RebuildScriptCaches (59ms)
			SetupLoadedEditorAssemblies (444ms)
				LogAssemblyErrors (0ms)
				InitializePlatformSupportModulesInManaged (12ms)
				SetLoadedEditorAssemblies (1ms)
				RefreshPlugins (1ms)
				BeforeProcessingInitializeOnLoad (100ms)
				ProcessInitializeOnLoadAttributes (288ms)
				ProcessInitializeOnLoadMethodAttributes (23ms)
				AfterProcessingInitializeOnLoad (20ms)
				EditorAssembliesLoaded (0ms)
			ExecutionOrderSort2 (0ms)
			AwakeInstancesAfterBackupRestoration (14ms)
Platform modules already initialized, skipping
========================================================================
Worker process is ready to serve import requests
Launched and connected shader compiler UnityShaderCompiler.exe after 0.13 seconds
Refreshing native plugins compatible for Editor in 0.96 ms, found 3 plugins.
Preloading 0 native plugins for Editor in 0.00 ms.
Unloading 2918 Unused Serialized files (Serialized files now loaded: 0)
Unloading 21 unused Assets / (56.0 KB). Loaded Objects now: 3381.
Memory consumption went from 102.8 MB to 102.7 MB.
Total: 3.168100 ms (FindLiveObjects: 0.281400 ms CreateObjectMapping: 0.124900 ms MarkObjects: 2.657500 ms  DeleteObjects: 0.102800 ms)

AssetImportParameters requested are different than current active one (requested -> active):
  custom:video-decoder-ogg-theora: a1e56fd34408186e4bbccfd4996cb3dc -> 
  custom:container-muxer-webm: aa71ff27fc2769a1b78a27578f13a17b -> 
  custom:container-demuxer-webm: 4f35f7cbe854078d1ac9338744f61a02 -> 
  custom:video-encoder-webm-vp8: eb34c28f22e8b96e1ab97ce403110664 -> 
  custom:audio-encoder-webm-vorbis: bf7c407c2cedff20999df2af8eb42d56 -> 
  custom:framework-win-MediaFoundation: 216162199b28c13a410421893ffa2e32 -> 
  custom:container-demuxer-ogg: 62fdf1f143b41e24485cea50d1cbac27 -> 
  custom:video-decoder-webm-vp8: 9c59270c3fd7afecdb556c50c9e8de78 -> 
  custom:audio-decoder-ogg-vorbis: bf7c407c2cedff20999df2af8eb42d56 -> 
========================================================================
Received Import Request.
  Time since last request: 192389.674798 seconds.
  path: Assets/Prefabs/XR Origin.prefab
  artifactKey: Guid(44161b56278979143921a16d251a0250) Importer(815301076,1909f56bfc062723c751e8b465ee728b)
Start importing Assets/Prefabs/XR Origin.prefab using Guid(44161b56278979143921a16d251a0250) Importer(815301076,1909f56bfc062723c751e8b465ee728b)  -> (artifact id: '2cb19622a7eb96d8e0dda97d4bed98d5') in 0.251143 seconds 
========================================================================
Received Import Request.
  Time since last request: 0.000041 seconds.
  path: Assets/Materials/New Material 1.mat
  artifactKey: Guid(7e3671b4be50f524daf59d6fcc5cbcf8) Importer(815301076,1909f56bfc062723c751e8b465ee728b)
Start importing Assets/Materials/New Material 1.mat using Guid(7e3671b4be50f524daf59d6fcc5cbcf8) Importer(815301076,1909f56bfc062723c751e8b465ee728b)  -> (artifact id: 'cdc7ca010015c2cbb6ebde90f06dfcfa') in 0.356460 seconds 
========================================================================
Received Import Request.
  Time since last request: 328.298572 seconds.
  path: Assets/XR/XRGeneralSettings.asset
  artifactKey: Guid(522b4528dee6cf74c94c3683ec482813) Importer(815301076,1909f56bfc062723c751e8b465ee728b)
Start importing Assets/XR/XRGeneralSettings.asset using Guid(522b4528dee6cf74c94c3683ec482813) Importer(815301076,1909f56bfc062723c751e8b465ee728b)  -> (artifact id: 'bef194d11a1df3d65738c72ae0e6796d') in 0.017245 seconds 
========================================================================
Received Import Request.
  Time since last request: 1.547689 seconds.
  path: Assets/Scenes/COMM 170 Week 5 Jiang Scene 1.unity
  artifactKey: Guid(768f6122a4dc0bf478a05861a3cf1bc1) Importer(815301076,1909f56bfc062723c751e8b465ee728b)
Start importing Assets/Scenes/COMM 170 Week 5 Jiang Scene 1.unity using Guid(768f6122a4dc0bf478a05861a3cf1bc1) Importer(815301076,1909f56bfc062723c751e8b465ee728b)  -> (artifact id: '35086f8b1a7ef74dfd4feee5cf3a1e53') in 0.014368 seconds 
========================================================================
Received Import Request.
  Time since last request: 906.416055 seconds.
  path: Assets/Materials/New Material 2.mat
  artifactKey: Guid(de32ab6d6432d214890b5c5379cca9c5) Importer(815301076,1909f56bfc062723c751e8b465ee728b)
Start importing Assets/Materials/New Material 2.mat using Guid(de32ab6d6432d214890b5c5379cca9c5) Importer(815301076,1909f56bfc062723c751e8b465ee728b)  -> (artifact id: 'a1ceb37dcef5a6cb9a072396735caa9e') in 0.034144 seconds 
========================================================================
Received Import Request.
  Time since last request: 33.026585 seconds.
  path: Assets/Materials/wall.mat
  artifactKey: Guid(de32ab6d6432d214890b5c5379cca9c5) Importer(815301076,1909f56bfc062723c751e8b465ee728b)
Start importing Assets/Materials/wall.mat using Guid(de32ab6d6432d214890b5c5379cca9c5) Importer(815301076,1909f56bfc062723c751e8b465ee728b)  -> (artifact id: '27266d4fb2daf8bb35de17cd9f8aa0da') in 0.042147 seconds 
========================================================================
Received Import Request.
  Time since last request: 2536.062185 seconds.
  path: Assets/Materials/New Material 2.mat
  artifactKey: Guid(3ad4cf13355b2e94cbdd70a07dae9f5e) Importer(815301076,1909f56bfc062723c751e8b465ee728b)
Start importing Assets/Materials/New Material 2.mat using Guid(3ad4cf13355b2e94cbdd70a07dae9f5e) Importer(815301076,1909f56bfc062723c751e8b465ee728b)  -> (artifact id: 'ab4364c8162be7b575b0ca812b573a3b') in 0.046017 seconds 
========================================================================
Received Import Request.
  Time since last request: 78.476725 seconds.
  path: Assets/Materials/frame.mat
  artifactKey: Guid(3ad4cf13355b2e94cbdd70a07dae9f5e) Importer(815301076,1909f56bfc062723c751e8b465ee728b)
Start importing Assets/Materials/frame.mat using Guid(3ad4cf13355b2e94cbdd70a07dae9f5e) Importer(815301076,1909f56bfc062723c751e8b465ee728b)  -> (artifact id: 'b214a30b88f5b7774f42ab99ae28b3cd') in 0.034491 seconds 
========================================================================
Received Import Request.
  Time since last request: 45.349425 seconds.
  path: Assets/Materials/New Material 2.mat
  artifactKey: Guid(cf1f6dd4efbc00b46bb6cbeac69df058) Importer(815301076,1909f56bfc062723c751e8b465ee728b)
Start importing Assets/Materials/New Material 2.mat using Guid(cf1f6dd4efbc00b46bb6cbeac69df058) Importer(815301076,1909f56bfc062723c751e8b465ee728b)  -> (artifact id: '34d527d0efa2be05a9c3cb8654691fec') in 0.042815 seconds 
========================================================================
Received Import Request.
  Time since last request: 23.459380 seconds.
  path: Assets/Materials/sheet.mat
  artifactKey: Guid(cf1f6dd4efbc00b46bb6cbeac69df058) Importer(815301076,1909f56bfc062723c751e8b465ee728b)
Start importing Assets/Materials/sheet.mat using Guid(cf1f6dd4efbc00b46bb6cbeac69df058) Importer(815301076,1909f56bfc062723c751e8b465ee728b)  -> (artifact id: '47df49b798407b84ec451f4f81b7cf94') in 0.032292 seconds 
========================================================================
Received Import Request.
  Time since last request: 268.646967 seconds.
  path: Assets/Materials/frame.mat
  artifactKey: Guid(3ad4cf13355b2e94cbdd70a07dae9f5e) Importer(815301076,1909f56bfc062723c751e8b465ee728b)
Start importing Assets/Materials/frame.mat using Guid(3ad4cf13355b2e94cbdd70a07dae9f5e) Importer(815301076,1909f56bfc062723c751e8b465ee728b)  -> (artifact id: '31959fabda53b63923ce9edcdb9dbdd3') in 0.034541 seconds 
