Using pre-set license
Built from '2021.3/staging' branch; Version is '2021.3.24f1 (cf10dcf7010d) revision 13570268'; Using compiler version '192829333'; Build Type 'Release'
OS: 'Windows 10  (10.0.19045) 64bit ProfessionalWorkstation' Language: 'en' Physical Memory: 16306 MB
BatchMode: 1, IsHumanControllingUs: 0, StartBugReporterOnCrash: 0, Is64bit: 1, IsPro: 1

COMMAND LINE ARGUMENTS:
C:\Program Files\Unity\Hub\Editor\2021.3.24f1\Editor\Unity.exe
-adb2
-batchMode
-noUpm
-name
AssetImportWorker0
-projectPath
C:/Users/Imaginarium Admin/Documents/GitHub/COMM-170-Jiang
-logFile
Logs/AssetImportWorker0.log
-srvPort
57305
Successfully changed project path to: C:/Users/Imaginarium Admin/Documents/GitHub/COMM-170-Jiang
C:/Users/Imaginarium Admin/Documents/GitHub/COMM-170-Jiang
[UnityMemory] Configuration Parameters - Can be set up in boot.config
    "memorysetup-bucket-allocator-granularity=16"
    "memorysetup-bucket-allocator-bucket-count=8"
    "memorysetup-bucket-allocator-block-size=33554432"
    "memorysetup-bucket-allocator-block-count=8"
    "memorysetup-main-allocator-block-size=16777216"
    "memorysetup-thread-allocator-block-size=16777216"
    "memorysetup-gfx-main-allocator-block-size=16777216"
    "memorysetup-gfx-thread-allocator-block-size=16777216"
    "memorysetup-cache-allocator-block-size=4194304"
    "memorysetup-typetree-allocator-block-size=2097152"
    "memorysetup-profiler-bucket-allocator-granularity=16"
    "memorysetup-profiler-bucket-allocator-bucket-count=8"
    "memorysetup-profiler-bucket-allocator-block-size=33554432"
    "memorysetup-profiler-bucket-allocator-block-count=8"
    "memorysetup-profiler-allocator-block-size=16777216"
    "memorysetup-profiler-editor-allocator-block-size=1048576"
    "memorysetup-temp-allocator-size-main=16777216"
    "memorysetup-job-temp-allocator-block-size=2097152"
    "memorysetup-job-temp-allocator-block-size-background=1048576"
    "memorysetup-job-temp-allocator-reduction-small-platforms=262144"
    "memorysetup-temp-allocator-size-background-worker=32768"
    "memorysetup-temp-allocator-size-job-worker=262144"
    "memorysetup-temp-allocator-size-preload-manager=33554432"
    "memorysetup-temp-allocator-size-nav-mesh-worker=65536"
    "memorysetup-temp-allocator-size-audio-worker=65536"
    "memorysetup-temp-allocator-size-cloud-worker=32768"
    "memorysetup-temp-allocator-size-gi-baking-worker=262144"
    "memorysetup-temp-allocator-size-gfx=262144"
Player connection [26524] Host "[IP] 172.16.3.103 [Port] 0 [Flags] 2 [Guid] 2138547696 [EditorId] 2138547696 [Version] 1048832 [Id] WindowsEditor(7,IMG-D-01006) [Debug] 1 [PackageName] WindowsEditor [ProjectName] Editor" joined multi-casting on [225.0.0.222:54997]...

Player connection [26524] Host "[IP] 172.16.3.103 [Port] 0 [Flags] 2 [Guid] 2138547696 [EditorId] 2138547696 [Version] 1048832 [Id] WindowsEditor(7,IMG-D-01006) [Debug] 1 [PackageName] WindowsEditor [ProjectName] Editor" joined alternative multi-casting on [225.0.0.222:34997]...

Refreshing native plugins compatible for Editor in 176.67 ms, found 3 plugins.
Preloading 0 native plugins for Editor in 0.00 ms.
Initialize engine version: 2021.3.24f1 (cf10dcf7010d)
[Subsystems] Discovering subsystems at path C:/Program Files/Unity/Hub/Editor/2021.3.24f1/Editor/Data/Resources/UnitySubsystems
[Subsystems] Discovering subsystems at path C:/Users/Imaginarium Admin/Documents/GitHub/COMM-170-Jiang/Assets
GfxDevice: creating device client; threaded=0; jobified=0
Direct3D:
    Version:  Direct3D 11.0 [level 11.1]
    Renderer: NVIDIA Quadro P4000 (ID=0x1bb1)
    Vendor:   NVIDIA
    VRAM:     8089 MB
    Driver:   30.0.14.7212
Initialize mono
Mono path[0] = 'C:/Program Files/Unity/Hub/Editor/2021.3.24f1/Editor/Data/Managed'
Mono path[1] = 'C:/Program Files/Unity/Hub/Editor/2021.3.24f1/Editor/Data/MonoBleedingEdge/lib/mono/unityjit-win32'
Mono config path = 'C:/Program Files/Unity/Hub/Editor/2021.3.24f1/Editor/Data/MonoBleedingEdge/etc'
Using monoOptions --debugger-agent=transport=dt_socket,embedding=1,server=y,suspend=n,address=127.0.0.1:56004
Begin MonoManager ReloadAssembly
Registering precompiled unity dll's ...
Register platform support module: C:/Program Files/Unity/Hub/Editor/2021.3.24f1/Editor/Data/PlaybackEngines/WindowsStandaloneSupport/UnityEditor.WindowsStandalone.Extensions.dll
Registered in 0.025627 seconds.
Native extension for WindowsStandalone target not found
Refreshing native plugins compatible for Editor in 92.24 ms, found 3 plugins.
Preloading 0 native plugins for Editor in 0.00 ms.
Mono: successfully reloaded assembly
- Completed reload, in  1.331 seconds
Domain Reload Profiling:
	ReloadAssembly (1332ms)
		BeginReloadAssembly (368ms)
			ExecutionOrderSort (0ms)
			DisableScriptedObjects (0ms)
			BackupInstance (0ms)
			ReleaseScriptingObjects (0ms)
			CreateAndSetChildDomain (2ms)
		EndReloadAssembly (741ms)
			LoadAssemblies (361ms)
			RebuildTransferFunctionScriptingTraits (0ms)
			SetupTypeCache (180ms)
			ReleaseScriptCaches (0ms)
			RebuildScriptCaches (51ms)
			SetupLoadedEditorAssemblies (418ms)
				LogAssemblyErrors (0ms)
				InitializePlatformSupportModulesInManaged (15ms)
				SetLoadedEditorAssemblies (0ms)
				RefreshPlugins (92ms)
				BeforeProcessingInitializeOnLoad (1ms)
				ProcessInitializeOnLoadAttributes (226ms)
				ProcessInitializeOnLoadMethodAttributes (82ms)
				AfterProcessingInitializeOnLoad (0ms)
				EditorAssembliesLoaded (0ms)
			ExecutionOrderSort2 (0ms)
			AwakeInstancesAfterBackupRestoration (0ms)
Platform modules already initialized, skipping
Registering precompiled user dll's ...
Registered in 0.051373 seconds.
Begin MonoManager ReloadAssembly
Symbol file LoadedFromMemory doesn't match image C:\Users\Imaginarium Admin\Documents\GitHub\COMM-170-Jiang\Library\PackageCache\com.unity.visualscripting@1.8.0\Editor\VisualScripting.Core\Dependencies\YamlDotNet\Unity.VisualScripting.YamlDotNet.dll
Symbol file LoadedFromMemory doesn't match image C:\Users\Imaginarium Admin\Documents\GitHub\COMM-170-Jiang\Library\PackageCache\com.unity.visualscripting@1.8.0\Editor\VisualScripting.Core\Dependencies\DotNetZip\Unity.VisualScripting.IonicZip.dll
Native extension for WindowsStandalone target not found
Refreshing native plugins compatible for Editor in 0.80 ms, found 3 plugins.
Preloading 0 native plugins for Editor in 0.00 ms.
Mono: successfully reloaded assembly
- Completed reload, in  1.981 seconds
Domain Reload Profiling:
	ReloadAssembly (1982ms)
		BeginReloadAssembly (367ms)
			ExecutionOrderSort (0ms)
			DisableScriptedObjects (11ms)
			BackupInstance (0ms)
			ReleaseScriptingObjects (0ms)
			CreateAndSetChildDomain (48ms)
		EndReloadAssembly (1423ms)
			LoadAssemblies (338ms)
			RebuildTransferFunctionScriptingTraits (0ms)
			SetupTypeCache (428ms)
			ReleaseScriptCaches (1ms)
			RebuildScriptCaches (95ms)
			SetupLoadedEditorAssemblies (615ms)
				LogAssemblyErrors (0ms)
				InitializePlatformSupportModulesInManaged (12ms)
				SetLoadedEditorAssemblies (1ms)
				RefreshPlugins (1ms)
				BeforeProcessingInitializeOnLoad (127ms)
				ProcessInitializeOnLoadAttributes (384ms)
				ProcessInitializeOnLoadMethodAttributes (60ms)
				AfterProcessingInitializeOnLoad (30ms)
				EditorAssembliesLoaded (0ms)
			ExecutionOrderSort2 (0ms)
			AwakeInstancesAfterBackupRestoration (16ms)
Platform modules already initialized, skipping
========================================================================
Worker process is ready to serve import requests
Launched and connected shader compiler UnityShaderCompiler.exe after 0.14 seconds
Refreshing native plugins compatible for Editor in 0.67 ms, found 3 plugins.
Preloading 0 native plugins for Editor in 0.00 ms.
Unloading 2918 Unused Serialized files (Serialized files now loaded: 0)
Unloading 21 unused Assets / (56.1 KB). Loaded Objects now: 3382.
Memory consumption went from 102.9 MB to 102.8 MB.
Total: 3.380100 ms (FindLiveObjects: 0.362900 ms CreateObjectMapping: 0.144000 ms MarkObjects: 2.790300 ms  DeleteObjects: 0.081600 ms)

AssetImportParameters requested are different than current active one (requested -> active):
  custom:video-decoder-ogg-theora: a1e56fd34408186e4bbccfd4996cb3dc -> 
  custom:container-muxer-webm: aa71ff27fc2769a1b78a27578f13a17b -> 
  custom:container-demuxer-webm: 4f35f7cbe854078d1ac9338744f61a02 -> 
  custom:video-encoder-webm-vp8: eb34c28f22e8b96e1ab97ce403110664 -> 
  custom:audio-encoder-webm-vorbis: bf7c407c2cedff20999df2af8eb42d56 -> 
  custom:framework-win-MediaFoundation: 216162199b28c13a410421893ffa2e32 -> 
  custom:container-demuxer-ogg: 62fdf1f143b41e24485cea50d1cbac27 -> 
  custom:video-decoder-webm-vp8: 9c59270c3fd7afecdb556c50c9e8de78 -> 
  custom:audio-decoder-ogg-vorbis: bf7c407c2cedff20999df2af8eb42d56 -> 
========================================================================
Received Import Request.
  Time since last request: 2774907.090096 seconds.
  path: Assets/Scenes/cake.unity
  artifactKey: Guid(4419172952422a6488f4a5c8f40ee471) Importer(815301076,1909f56bfc062723c751e8b465ee728b)
Start importing Assets/Scenes/cake.unity using Guid(4419172952422a6488f4a5c8f40ee471) Importer(815301076,1909f56bfc062723c751e8b465ee728b)  -> (artifact id: '83cfc88557c45b47ceda8b4bda53185a') in 0.024070 seconds 
========================================================================
Received Import Request.
  Time since last request: 700.059024 seconds.
  path: Assets/Samples
  artifactKey: Guid(26e0b6673c7ef4e40b421ddb00d449ec) Importer(815301076,1909f56bfc062723c751e8b465ee728b)
Start importing Assets/Samples using Guid(26e0b6673c7ef4e40b421ddb00d449ec) Importer(815301076,1909f56bfc062723c751e8b465ee728b)  -> (artifact id: '5ee7557170d180f5b35dd046284f23d0') in 0.017128 seconds 
========================================================================
Received Import Request.
  Time since last request: 2.338940 seconds.
  path: Assets/Prefabs
  artifactKey: Guid(b470aa6df34f4ea419cb598800227330) Importer(815301076,1909f56bfc062723c751e8b465ee728b)
Start importing Assets/Prefabs using Guid(b470aa6df34f4ea419cb598800227330) Importer(815301076,1909f56bfc062723c751e8b465ee728b)  -> (artifact id: '3857423093381d81521d13763c254139') in 0.016093 seconds 
========================================================================
Received Import Request.
  Time since last request: 3.128895 seconds.
  path: Assets/Samples/XR Interaction Toolkit
  artifactKey: Guid(a8a376f22de3bf543b977ea4c5f30977) Importer(815301076,1909f56bfc062723c751e8b465ee728b)
Start importing Assets/Samples/XR Interaction Toolkit using Guid(a8a376f22de3bf543b977ea4c5f30977) Importer(815301076,1909f56bfc062723c751e8b465ee728b)  -> (artifact id: 'b05411c3d013f2d4563b972a5bc7cbb7') in 0.017024 seconds 
========================================================================
Received Import Request.
  Time since last request: 0.929282 seconds.
  path: Assets/Samples/XR Interaction Toolkit/2.0.4
  artifactKey: Guid(839dd6181b99f4a4da9d21300ed24924) Importer(815301076,1909f56bfc062723c751e8b465ee728b)
Start importing Assets/Samples/XR Interaction Toolkit/2.0.4 using Guid(839dd6181b99f4a4da9d21300ed24924) Importer(815301076,1909f56bfc062723c751e8b465ee728b)  -> (artifact id: '2ba7b06462725d40a52e812e45bc37aa') in 0.016377 seconds 
========================================================================
Received Import Request.
  Time since last request: 0.551114 seconds.
  path: Assets/Samples/XR Interaction Toolkit/2.0.4/Starter Assets
  artifactKey: Guid(845ab5e5673efe3418cd82d19ec01133) Importer(815301076,1909f56bfc062723c751e8b465ee728b)
Start importing Assets/Samples/XR Interaction Toolkit/2.0.4/Starter Assets using Guid(845ab5e5673efe3418cd82d19ec01133) Importer(815301076,1909f56bfc062723c751e8b465ee728b)  -> (artifact id: 'be50aba061588e56cedccf9df8a42b02') in 0.015937 seconds 
========================================================================
Received Import Request.
  Time since last request: 0.071270 seconds.
  path: Assets/Samples/XR Interaction Toolkit/2.0.4/Starter Assets/XRI Default Continuous Move.preset
  artifactKey: Guid(91f9da00cfdac5d49955df2d2d820b9c) Importer(815301076,1909f56bfc062723c751e8b465ee728b)
Start importing Assets/Samples/XR Interaction Toolkit/2.0.4/Starter Assets/XRI Default Continuous Move.preset using Guid(91f9da00cfdac5d49955df2d2d820b9c) Importer(815301076,1909f56bfc062723c751e8b465ee728b)  -> (artifact id: '80bd2ecd4112e3c3015c6addeb89fea4') in 0.119860 seconds 
========================================================================
Received Import Request.
  Time since last request: 0.000021 seconds.
  path: Assets/Samples/XR Interaction Toolkit/2.0.4/Starter Assets/XRI Default Left Controller.preset
  artifactKey: Guid(ffd8268f7307a0c48a067dad4a8fe060) Importer(815301076,1909f56bfc062723c751e8b465ee728b)
Start importing Assets/Samples/XR Interaction Toolkit/2.0.4/Starter Assets/XRI Default Left Controller.preset using Guid(ffd8268f7307a0c48a067dad4a8fe060) Importer(815301076,1909f56bfc062723c751e8b465ee728b)  -> (artifact id: '2884d48827da20c93cb0f3912d195851') in 0.022625 seconds 
========================================================================
Received Import Request.
  Time since last request: 0.000027 seconds.
  path: Assets/Samples/XR Interaction Toolkit/2.0.4/Starter Assets/XRI Default Right Controller.preset
  artifactKey: Guid(1421ad86ff3787b4dae70fe9e699a25f) Importer(815301076,1909f56bfc062723c751e8b465ee728b)
Start importing Assets/Samples/XR Interaction Toolkit/2.0.4/Starter Assets/XRI Default Right Controller.preset using Guid(1421ad86ff3787b4dae70fe9e699a25f) Importer(815301076,1909f56bfc062723c751e8b465ee728b)  -> (artifact id: '0cc5bde49c183b350c53e9b47bc12668') in 0.023056 seconds 
========================================================================
Received Import Request.
  Time since last request: 73.837933 seconds.
  path: Assets/Scenes/cake2.unity
  artifactKey: Guid(c967ccdfd6e60a643a1879f89e0c1463) Importer(815301076,1909f56bfc062723c751e8b465ee728b)
Start importing Assets/Scenes/cake2.unity using Guid(c967ccdfd6e60a643a1879f89e0c1463) Importer(815301076,1909f56bfc062723c751e8b465ee728b)  -> (artifact id: '90cf2c1a40bc46a34b77882d20856984') in 0.014121 seconds 
========================================================================
Received Import Request.
  Time since last request: 38.086405 seconds.
  path: Assets/Scenes/cake.unity
  artifactKey: Guid(4419172952422a6488f4a5c8f40ee471) Importer(815301076,1909f56bfc062723c751e8b465ee728b)
Start importing Assets/Scenes/cake.unity using Guid(4419172952422a6488f4a5c8f40ee471) Importer(815301076,1909f56bfc062723c751e8b465ee728b)  -> (artifact id: '86f33761779748cd8d2c5df2d26624a3') in 0.018015 seconds 
========================================================================
Received Import Request.
  Time since last request: 178.596336 seconds.
  path: Assets/Free Models in 3D/window
  artifactKey: Guid(38a9638ab7e2d4f4d9e0c9107ac8a688) Importer(815301076,1909f56bfc062723c751e8b465ee728b)
Start importing Assets/Free Models in 3D/window using Guid(38a9638ab7e2d4f4d9e0c9107ac8a688) Importer(815301076,1909f56bfc062723c751e8b465ee728b)  -> (artifact id: '0a31b7051544196489e038b36425a70d') in 0.015968 seconds 
========================================================================
Received Import Request.
  Time since last request: 0.987848 seconds.
  path: Assets/Free Models in 3D/window/source
  artifactKey: Guid(95e27323eb742254e87233404bde0ffe) Importer(815301076,1909f56bfc062723c751e8b465ee728b)
Start importing Assets/Free Models in 3D/window/source using Guid(95e27323eb742254e87233404bde0ffe) Importer(815301076,1909f56bfc062723c751e8b465ee728b)  -> (artifact id: 'ceb69160494782f814a66d2cb7514399') in 0.017013 seconds 
========================================================================
Received Import Request.
  Time since last request: 0.043330 seconds.
  path: Assets/Free Models in 3D/window/source/window.fbx
  artifactKey: Guid(fca73911daeeff44fbfb678e4010cace) Importer(815301076,1909f56bfc062723c751e8b465ee728b)
Start importing Assets/Free Models in 3D/window/source/window.fbx using Guid(fca73911daeeff44fbfb678e4010cace) Importer(815301076,1909f56bfc062723c751e8b465ee728b)  -> (artifact id: '900409c3a8de37a4efd6acc0aa634331') in 0.432360 seconds 
========================================================================
Received Import Request.
  Time since last request: 123.880683 seconds.
  path: Assets/Free Models in 3D/strawberry (1)
  artifactKey: Guid(05f9e404dd2596846a5b4c71fc62a680) Importer(815301076,1909f56bfc062723c751e8b465ee728b)
Start importing Assets/Free Models in 3D/strawberry (1) using Guid(05f9e404dd2596846a5b4c71fc62a680) Importer(815301076,1909f56bfc062723c751e8b465ee728b)  -> (artifact id: 'e457a86259d50de621300d052305678a') in 0.016453 seconds 
========================================================================
Received Import Request.
  Time since last request: 0.816668 seconds.
  path: Assets/Free Models in 3D/strawberry (1)/source
  artifactKey: Guid(e9cbc45c50c4ce34f83c333c788e49ee) Importer(815301076,1909f56bfc062723c751e8b465ee728b)
Start importing Assets/Free Models in 3D/strawberry (1)/source using Guid(e9cbc45c50c4ce34f83c333c788e49ee) Importer(815301076,1909f56bfc062723c751e8b465ee728b)  -> (artifact id: '0b6d6df0370914f4f8d30db149b419f3') in 0.014517 seconds 
========================================================================
Received Import Request.
  Time since last request: 0.057020 seconds.
  path: Assets/Free Models in 3D/strawberry (1)/source/MORANGO.fbx.fbx
  artifactKey: Guid(56cf21ab52b065440958e2c5e1a75f35) Importer(815301076,1909f56bfc062723c751e8b465ee728b)
Start importing Assets/Free Models in 3D/strawberry (1)/source/MORANGO.fbx.fbx using Guid(56cf21ab52b065440958e2c5e1a75f35) Importer(815301076,1909f56bfc062723c751e8b465ee728b)  -> (artifact id: 'aa6efc43b42920d616ef995dc5b60f8e') in 0.084170 seconds 
========================================================================
Received Import Request.
  Time since last request: 555.890327 seconds.
  path: Assets/Free Models in 3D/kitchen-appliances
  artifactKey: Guid(33a2a3109035bf045843d69eba0d4276) Importer(815301076,1909f56bfc062723c751e8b465ee728b)
Start importing Assets/Free Models in 3D/kitchen-appliances using Guid(33a2a3109035bf045843d69eba0d4276) Importer(815301076,1909f56bfc062723c751e8b465ee728b)  -> (artifact id: '5b3b7f57c90e1a30e0b81ff52840e8aa') in 0.017281 seconds 
========================================================================
Received Import Request.
  Time since last request: 2.036368 seconds.
  path: Assets/Free Models in 3D/kitchen-appliances/source
  artifactKey: Guid(cc74be25e5823554b931ced32f2ffc1b) Importer(815301076,1909f56bfc062723c751e8b465ee728b)
Start importing Assets/Free Models in 3D/kitchen-appliances/source using Guid(cc74be25e5823554b931ced32f2ffc1b) Importer(815301076,1909f56bfc062723c751e8b465ee728b)  -> (artifact id: '14f8b44daa3c492f4952adb592b2fcec') in 0.018751 seconds 
========================================================================
Received Import Request.
  Time since last request: 0.058112 seconds.
  path: Assets/Free Models in 3D/kitchen-appliances/source/Sketchfab_2023_03_18_18_37_07.blend
  artifactKey: Guid(b88be708d956b794c896a6abf18941a3) Importer(815301076,1909f56bfc062723c751e8b465ee728b)
Start importing Assets/Free Models in 3D/kitchen-appliances/source/Sketchfab_2023_03_18_18_37_07.blend using Guid(b88be708d956b794c896a6abf18941a3) Importer(815301076,1909f56bfc062723c751e8b465ee728b)  -> (artifact id: '9952fa598260b197149c4889ad9aafd6') in 0.135498 seconds 
========================================================================
Received Import Request.
  Time since last request: 65.494339 seconds.
  path: Assets/Free Models in 3D/kitchen-appliances/textures
  artifactKey: Guid(c86f36afca0a651489582b53f92576a7) Importer(815301076,1909f56bfc062723c751e8b465ee728b)
Start importing Assets/Free Models in 3D/kitchen-appliances/textures using Guid(c86f36afca0a651489582b53f92576a7) Importer(815301076,1909f56bfc062723c751e8b465ee728b)  -> (artifact id: 'e141062530c2088a39ca2265caff5f7e') in 0.021001 seconds 
========================================================================
Received Import Request.
  Time since last request: 0.024507 seconds.
  path: Assets/Free Models in 3D/kitchen-appliances/textures/Kitchen_Hardware_A_AO.tga.png
  artifactKey: Guid(fc3d62754285b0c4e9cf8c5a862a6e6c) Importer(815301076,1909f56bfc062723c751e8b465ee728b)
Start importing Assets/Free Models in 3D/kitchen-appliances/textures/Kitchen_Hardware_A_AO.tga.png using Guid(fc3d62754285b0c4e9cf8c5a862a6e6c) Importer(815301076,1909f56bfc062723c751e8b465ee728b)  -> (artifact id: 'bd1148d21d325ff600b36e1a4087de18') in 0.164183 seconds 
========================================================================
Received Import Request.
  Time since last request: 0.000030 seconds.
  path: Assets/Free Models in 3D/kitchen-appliances/textures/KitchenMachinery_B_normal.png
  artifactKey: Guid(537a8a0af5964af4fb84fa738fe27f0e) Importer(815301076,1909f56bfc062723c751e8b465ee728b)
Start importing Assets/Free Models in 3D/kitchen-appliances/textures/KitchenMachinery_B_normal.png using Guid(537a8a0af5964af4fb84fa738fe27f0e) Importer(815301076,1909f56bfc062723c751e8b465ee728b)  -> (artifact id: '0051d1f64d3184ef72a2381865e78921') in 0.082672 seconds 
========================================================================
Received Import Request.
  Time since last request: 0.000031 seconds.
  path: Assets/Free Models in 3D/kitchen-appliances/textures/Sink_Kitchen_A_basecolor.png
  artifactKey: Guid(380756126b3df7d4fb27908e31292f9a) Importer(815301076,1909f56bfc062723c751e8b465ee728b)
Start importing Assets/Free Models in 3D/kitchen-appliances/textures/Sink_Kitchen_A_basecolor.png using Guid(380756126b3df7d4fb27908e31292f9a) Importer(815301076,1909f56bfc062723c751e8b465ee728b)  -> (artifact id: 'd6e2a5855051fa3e812a4449a745a3b3') in 0.066376 seconds 
========================================================================
Received Import Request.
  Time since last request: 0.000282 seconds.
  path: Assets/Free Models in 3D/kitchen-appliances/textures/Pipes_Kitchen_A_Metallic-Pipes_Kitchen_A_Roughnes@channels=G.png
  artifactKey: Guid(619ca705c40bd184587050da67eda11b) Importer(815301076,1909f56bfc062723c751e8b465ee728b)
Start importing Assets/Free Models in 3D/kitchen-appliances/textures/Pipes_Kitchen_A_Metallic-Pipes_Kitchen_A_Roughnes@channels=G.png using Guid(619ca705c40bd184587050da67eda11b) Importer(815301076,1909f56bfc062723c751e8b465ee728b)  -> (artifact id: 'a89a6a11252562dadf322e30cd419589') in 0.077064 seconds 
========================================================================
Received Import Request.
  Time since last request: 0.000026 seconds.
  path: Assets/Free Models in 3D/kitchen-appliances/textures/KitchenMachinery_B_basecolor.png
  artifactKey: Guid(16436287469fb3444866bef7b1433cca) Importer(815301076,1909f56bfc062723c751e8b465ee728b)
Start importing Assets/Free Models in 3D/kitchen-appliances/textures/KitchenMachinery_B_basecolor.png using Guid(16436287469fb3444866bef7b1433cca) Importer(815301076,1909f56bfc062723c751e8b465ee728b)  -> (artifact id: 'ab7ca81134678dde608e229109ef4304') in 0.096932 seconds 
========================================================================
Received Import Request.
  Time since last request: 0.000511 seconds.
  path: Assets/Free Models in 3D/kitchen-appliances/textures/Sink_Kitchen_A_Metallic-Sink_Kitchen_A_Roughness@channels=B.png
  artifactKey: Guid(423f1f3c0698ff8439da37f88df46678) Importer(815301076,1909f56bfc062723c751e8b465ee728b)
Start importing Assets/Free Models in 3D/kitchen-appliances/textures/Sink_Kitchen_A_Metallic-Sink_Kitchen_A_Roughness@channels=B.png using Guid(423f1f3c0698ff8439da37f88df46678) Importer(815301076,1909f56bfc062723c751e8b465ee728b)  -> (artifact id: 'e4ed80f379c29455de834f543667f595') in 0.299569 seconds 
========================================================================
Received Import Request.
  Time since last request: 0.000471 seconds.
  path: Assets/Free Models in 3D/kitchen-appliances/textures/Kitchen_Hardware_A_Metallic-Kitchen_Hardware_A_Roughness@cha.png
  artifactKey: Guid(6640e381d92f67044a47f994bdd03516) Importer(815301076,1909f56bfc062723c751e8b465ee728b)
Start importing Assets/Free Models in 3D/kitchen-appliances/textures/Kitchen_Hardware_A_Metallic-Kitchen_Hardware_A_Roughness@cha.png using Guid(6640e381d92f67044a47f994bdd03516) Importer(815301076,1909f56bfc062723c751e8b465ee728b)  -> (artifact id: 'baf780a871844ca9ed60eeebf20076ac') in 0.099531 seconds 
========================================================================
Received Import Request.
  Time since last request: 0.000037 seconds.
  path: Assets/Free Models in 3D/kitchen-appliances/textures/Pipes_Kitchen_A_basecolor.png
  artifactKey: Guid(2a44240bab638de4797b277e28e6a4a8) Importer(815301076,1909f56bfc062723c751e8b465ee728b)
Start importing Assets/Free Models in 3D/kitchen-appliances/textures/Pipes_Kitchen_A_basecolor.png using Guid(2a44240bab638de4797b277e28e6a4a8) Importer(815301076,1909f56bfc062723c751e8b465ee728b)  -> (artifact id: 'e7659621d66db46115028380b20f8468') in 0.074068 seconds 
========================================================================
Received Import Request.
  Time since last request: 0.000027 seconds.
  path: Assets/Free Models in 3D/kitchen-appliances/textures/Sink_Kitchen_A_AO.tga.png
  artifactKey: Guid(2285e65527260634f81c4ad693bb52e3) Importer(815301076,1909f56bfc062723c751e8b465ee728b)
Start importing Assets/Free Models in 3D/kitchen-appliances/textures/Sink_Kitchen_A_AO.tga.png using Guid(2285e65527260634f81c4ad693bb52e3) Importer(815301076,1909f56bfc062723c751e8b465ee728b)  -> (artifact id: 'd476879dd8786a58f1b0de6690417854') in 0.087513 seconds 
========================================================================
Received Import Request.
  Time since last request: 690.024794 seconds.
  path: Assets/Free Models in 3D/kitchen-furniture
  artifactKey: Guid(655db3976fc16724c91d2461366d3971) Importer(815301076,1909f56bfc062723c751e8b465ee728b)
Start importing Assets/Free Models in 3D/kitchen-furniture using Guid(655db3976fc16724c91d2461366d3971) Importer(815301076,1909f56bfc062723c751e8b465ee728b)  -> (artifact id: '049253d5100a38d7b4fae764c8a58227') in 0.014954 seconds 
========================================================================
Received Import Request.
  Time since last request: 0.893567 seconds.
  path: Assets/Free Models in 3D/kitchen-furniture/source
  artifactKey: Guid(7f55584e6eead4940b90bcaf325e2d1c) Importer(815301076,1909f56bfc062723c751e8b465ee728b)
Start importing Assets/Free Models in 3D/kitchen-furniture/source using Guid(7f55584e6eead4940b90bcaf325e2d1c) Importer(815301076,1909f56bfc062723c751e8b465ee728b)  -> (artifact id: 'ca1a38747eaae099c1bcbbf7cf77fe9c') in 0.018033 seconds 
========================================================================
Received Import Request.
  Time since last request: 0.050057 seconds.
  path: Assets/Free Models in 3D/kitchen-furniture/source/Sketchfab_2023_03_18_22_35_49.blend
  artifactKey: Guid(ff42497d910859042a8c6955b14ca96f) Importer(815301076,1909f56bfc062723c751e8b465ee728b)
Start importing Assets/Free Models in 3D/kitchen-furniture/source/Sketchfab_2023_03_18_22_35_49.blend using Guid(ff42497d910859042a8c6955b14ca96f) Importer(815301076,1909f56bfc062723c751e8b465ee728b)  -> (artifact id: 'b96a23a8def05d7aa0e3489b9a631a05') in 0.147424 seconds 
========================================================================
Received Import Request.
  Time since last request: 361.431133 seconds.
  path: Assets/Free Models in 3D/kitchen-furniture/textures
  artifactKey: Guid(8f0b3afce9d946543bb95585ec4f3867) Importer(815301076,1909f56bfc062723c751e8b465ee728b)
Start importing Assets/Free Models in 3D/kitchen-furniture/textures using Guid(8f0b3afce9d946543bb95585ec4f3867) Importer(815301076,1909f56bfc062723c751e8b465ee728b)  -> (artifact id: 'c8c36ca9b7cf5f2d4fe87d89e8def6fa') in 0.015942 seconds 
========================================================================
Received Import Request.
  Time since last request: 0.058022 seconds.
  path: Assets/Free Models in 3D/kitchen-furniture/textures/Carpet_A_AO.tga.png
  artifactKey: Guid(82f780b639361d34c99509672d73b589) Importer(815301076,1909f56bfc062723c751e8b465ee728b)
Start importing Assets/Free Models in 3D/kitchen-furniture/textures/Carpet_A_AO.tga.png using Guid(82f780b639361d34c99509672d73b589) Importer(815301076,1909f56bfc062723c751e8b465ee728b)  -> (artifact id: 'b9be37ac036edeff164863e4144cf44a') in 0.040061 seconds 
========================================================================
Received Import Request.
  Time since last request: 0.000023 seconds.
  path: Assets/Free Models in 3D/kitchen-furniture/textures/Details_Alphaclip_A_AO.tga.png
  artifactKey: Guid(76101590a10403d468c479bd0c96d25f) Importer(815301076,1909f56bfc062723c751e8b465ee728b)
Start importing Assets/Free Models in 3D/kitchen-furniture/textures/Details_Alphaclip_A_AO.tga.png using Guid(76101590a10403d468c479bd0c96d25f) Importer(815301076,1909f56bfc062723c751e8b465ee728b)  -> (artifact id: '2fa0dc05e5d63674297ce8e3df51fccf') in 0.040363 seconds 
========================================================================
Received Import Request.
  Time since last request: 0.000029 seconds.
  path: Assets/Free Models in 3D/kitchen-furniture/textures/Trims_Kitchen_A_AO.tga.png
  artifactKey: Guid(0281c3e032aba2343afc7b4877d849d9) Importer(815301076,1909f56bfc062723c751e8b465ee728b)
Start importing Assets/Free Models in 3D/kitchen-furniture/textures/Trims_Kitchen_A_AO.tga.png using Guid(0281c3e032aba2343afc7b4877d849d9) Importer(815301076,1909f56bfc062723c751e8b465ee728b)  -> (artifact id: '4a90fb3dcd5266b10dae252b278b9da8') in 0.053580 seconds 
========================================================================
Received Import Request.
  Time since last request: 0.000044 seconds.
  path: Assets/Free Models in 3D/kitchen-furniture/textures/Details_Alphaclip_A_Roughness@channels=G.png
  artifactKey: Guid(81db80d3538046a4db0c359149e24ff8) Importer(815301076,1909f56bfc062723c751e8b465ee728b)
Start importing Assets/Free Models in 3D/kitchen-furniture/textures/Details_Alphaclip_A_Roughness@channels=G.png using Guid(81db80d3538046a4db0c359149e24ff8) Importer(815301076,1909f56bfc062723c751e8b465ee728b)  -> (artifact id: '4922742c787b85b906bddfb48cf98dcb') in 0.040020 seconds 
========================================================================
Received Import Request.
  Time since last request: 0.000037 seconds.
  path: Assets/Free Models in 3D/kitchen-furniture/textures/Table_Kitchen_Combined_A_DefaultMaterial_basecolor.png
  artifactKey: Guid(09d10a3fe059fb14781c865575ad9b9f) Importer(815301076,1909f56bfc062723c751e8b465ee728b)
Start importing Assets/Free Models in 3D/kitchen-furniture/textures/Table_Kitchen_Combined_A_DefaultMaterial_basecolor.png using Guid(09d10a3fe059fb14781c865575ad9b9f) Importer(815301076,1909f56bfc062723c751e8b465ee728b)  -> (artifact id: 'd725692547b5a72f591435095aa7d33e') in 0.045621 seconds 
========================================================================
Received Import Request.
  Time since last request: 0.000026 seconds.
  path: Assets/Free Models in 3D/kitchen-furniture/textures/Chairs_Assembled_A_DefaultMaterial_normal.png
  artifactKey: Guid(8fc9023e7b362574f85854c11a906f8c) Importer(815301076,1909f56bfc062723c751e8b465ee728b)
Start importing Assets/Free Models in 3D/kitchen-furniture/textures/Chairs_Assembled_A_DefaultMaterial_normal.png using Guid(8fc9023e7b362574f85854c11a906f8c) Importer(815301076,1909f56bfc062723c751e8b465ee728b)  -> (artifact id: '45256b6bcbbb5f313d7d7b75b29e01f8') in 0.047922 seconds 
========================================================================
Received Import Request.
  Time since last request: 0.000026 seconds.
  path: Assets/Free Models in 3D/kitchen-furniture/textures/Radiator_A_normal.png
  artifactKey: Guid(fe06e0bb25fe93f4d9c6272978421df3) Importer(815301076,1909f56bfc062723c751e8b465ee728b)
Start importing Assets/Free Models in 3D/kitchen-furniture/textures/Radiator_A_normal.png using Guid(fe06e0bb25fe93f4d9c6272978421df3) Importer(815301076,1909f56bfc062723c751e8b465ee728b)  -> (artifact id: '4107be17d0960d65549f56429dc4785f') in 0.047229 seconds 
========================================================================
Received Import Request.
  Time since last request: 0.000028 seconds.
  path: Assets/Free Models in 3D/kitchen-furniture/textures/Chairs_Assembled_A_DefaultMaterial_basecolor.png
  artifactKey: Guid(1f7860db7277c9e48993bb8dea2fb111) Importer(815301076,1909f56bfc062723c751e8b465ee728b)
Start importing Assets/Free Models in 3D/kitchen-furniture/textures/Chairs_Assembled_A_DefaultMaterial_basecolor.png using Guid(1f7860db7277c9e48993bb8dea2fb111) Importer(815301076,1909f56bfc062723c751e8b465ee728b)  -> (artifact id: '4c405d3c4c61a4208acbf55831fbb8eb') in 0.056394 seconds 
========================================================================
Received Import Request.
  Time since last request: 0.000041 seconds.
  path: Assets/Free Models in 3D/kitchen-furniture/textures/Trims_Kitchen_A_normal.png
  artifactKey: Guid(e6163b2b96316b94d9e9529f3c95bb6a) Importer(815301076,1909f56bfc062723c751e8b465ee728b)
Start importing Assets/Free Models in 3D/kitchen-furniture/textures/Trims_Kitchen_A_normal.png using Guid(e6163b2b96316b94d9e9529f3c95bb6a) Importer(815301076,1909f56bfc062723c751e8b465ee728b)  -> (artifact id: '74cbc3bb9f4b550dbcbcb3d7265d72e3') in 0.047787 seconds 
========================================================================
Received Import Request.
  Time since last request: 0.000031 seconds.
  path: Assets/Free Models in 3D/kitchen-furniture/textures/Radiator_A_AO.tga.png
  artifactKey: Guid(ce6f40ee00bb33b42a2af48f0d2a74c4) Importer(815301076,1909f56bfc062723c751e8b465ee728b)
Start importing Assets/Free Models in 3D/kitchen-furniture/textures/Radiator_A_AO.tga.png using Guid(ce6f40ee00bb33b42a2af48f0d2a74c4) Importer(815301076,1909f56bfc062723c751e8b465ee728b)  -> (artifact id: '6b361ee945b6067b4f4347febb3acabb') in 0.044582 seconds 
========================================================================
Received Import Request.
  Time since last request: 0.000017 seconds.
  path: Assets/Free Models in 3D/kitchen-furniture/textures/Radiator_A_Metallic-Radiator_A_Roughness@channels=G.png
  artifactKey: Guid(667d3e252368aac43ad578b94a772152) Importer(815301076,1909f56bfc062723c751e8b465ee728b)
Start importing Assets/Free Models in 3D/kitchen-furniture/textures/Radiator_A_Metallic-Radiator_A_Roughness@channels=G.png using Guid(667d3e252368aac43ad578b94a772152) Importer(815301076,1909f56bfc062723c751e8b465ee728b)  -> (artifact id: '6d8db3d64dd4959261f3d5a53e01243e') in 0.043978 seconds 
========================================================================
Received Import Request.
  Time since last request: 0.000030 seconds.
  path: Assets/Free Models in 3D/kitchen-furniture/textures/Trims_Kitchen_A_Metallic-Trims_Kitchen_A_Roughness@channels=.png
  artifactKey: Guid(7c01342bb283fb849b7d1347378a2723) Importer(815301076,1909f56bfc062723c751e8b465ee728b)
Start importing Assets/Free Models in 3D/kitchen-furniture/textures/Trims_Kitchen_A_Metallic-Trims_Kitchen_A_Roughness@channels=.png using Guid(7c01342bb283fb849b7d1347378a2723) Importer(815301076,1909f56bfc062723c751e8b465ee728b)  -> (artifact id: '5c05cfd6dbe9bf0ca3f91aec0bec4cea') in 0.053659 seconds 
========================================================================
Received Import Request.
  Time since last request: 148.471497 seconds.
  path: Assets/Free Models in 3D/kitchen-appliances/Materials/Kitchen_Hardware_A_AO.tga.mat
  artifactKey: Guid(92eddc9d9d58b1643b0b89caf5184090) Importer(815301076,1909f56bfc062723c751e8b465ee728b)
Start importing Assets/Free Models in 3D/kitchen-appliances/Materials/Kitchen_Hardware_A_AO.tga.mat using Guid(92eddc9d9d58b1643b0b89caf5184090) Importer(815301076,1909f56bfc062723c751e8b465ee728b)  -> (artifact id: 'bacd45f441731a49a029ce96dc0dbb29') in 0.066537 seconds 
========================================================================
Received Import Request.
  Time since last request: 0.000033 seconds.
  path: Assets/Free Models in 3D/kitchen-appliances/Materials/KitchenMachinery_B_AO.tga.mat
  artifactKey: Guid(33d4bfb462c24f3429bb78691f155685) Importer(815301076,1909f56bfc062723c751e8b465ee728b)
Start importing Assets/Free Models in 3D/kitchen-appliances/Materials/KitchenMachinery_B_AO.tga.mat using Guid(33d4bfb462c24f3429bb78691f155685) Importer(815301076,1909f56bfc062723c751e8b465ee728b)  -> (artifact id: '75ad5953d9cfe93c9cfabd76d37a60f9') in 0.089815 seconds 
========================================================================
Received Import Request.
  Time since last request: 0.000039 seconds.
  path: Assets/Free Models in 3D/kitchen-appliances/Materials/KitchenMachinery_B_basecolor.mat
  artifactKey: Guid(24d1f9abd11e6ef499542e9356d73990) Importer(815301076,1909f56bfc062723c751e8b465ee728b)
Start importing Assets/Free Models in 3D/kitchen-appliances/Materials/KitchenMachinery_B_basecolor.mat using Guid(24d1f9abd11e6ef499542e9356d73990) Importer(815301076,1909f56bfc062723c751e8b465ee728b)  -> (artifact id: '99fc2b957f31fdc7c8268889052e1639') in 0.067845 seconds 
========================================================================
Received Import Request.
  Time since last request: 0.000025 seconds.
  path: Assets/Free Models in 3D/kitchen-appliances/Materials/Sink_Kitchen_A_AO.tga.mat
  artifactKey: Guid(a5ed100793144d94b814eb1d4cb78197) Importer(815301076,1909f56bfc062723c751e8b465ee728b)
Start importing Assets/Free Models in 3D/kitchen-appliances/Materials/Sink_Kitchen_A_AO.tga.mat using Guid(a5ed100793144d94b814eb1d4cb78197) Importer(815301076,1909f56bfc062723c751e8b465ee728b)  -> (artifact id: '26370da5432991e6514ee4505ded7429') in 0.067212 seconds 
========================================================================
Received Import Request.
  Time since last request: 0.000029 seconds.
  path: Assets/Free Models in 3D/kitchen-appliances/Materials/Sink_Kitchen_A_basecolor.mat
  artifactKey: Guid(e6e6f839d3598f44286982e21e2e8826) Importer(815301076,1909f56bfc062723c751e8b465ee728b)
Start importing Assets/Free Models in 3D/kitchen-appliances/Materials/Sink_Kitchen_A_basecolor.mat using Guid(e6e6f839d3598f44286982e21e2e8826) Importer(815301076,1909f56bfc062723c751e8b465ee728b)  -> (artifact id: '4eddcf9672696c0047412e040b2eae21') in 0.062371 seconds 
========================================================================
Received Import Request.
  Time since last request: 5.820301 seconds.
  path: Assets/Free Models in 3D/kitchen-furniture/Materials/Carpet_A_AO.tga.mat
  artifactKey: Guid(8ae31692d4c338b42b35bbca5034eb79) Importer(815301076,1909f56bfc062723c751e8b465ee728b)
Start importing Assets/Free Models in 3D/kitchen-furniture/Materials/Carpet_A_AO.tga.mat using Guid(8ae31692d4c338b42b35bbca5034eb79) Importer(815301076,1909f56bfc062723c751e8b465ee728b)  -> (artifact id: '7cdcd29823cc63a76ed43f349e5700f8') in 0.066222 seconds 
========================================================================
Received Import Request.
  Time since last request: 0.000028 seconds.
  path: Assets/Free Models in 3D/kitchen-furniture/Materials/Details_Alphaclip_A_basecolor.mat
  artifactKey: Guid(a771bba253155604d9fd8dd2cfa8d45b) Importer(815301076,1909f56bfc062723c751e8b465ee728b)
Start importing Assets/Free Models in 3D/kitchen-furniture/Materials/Details_Alphaclip_A_basecolor.mat using Guid(a771bba253155604d9fd8dd2cfa8d45b) Importer(815301076,1909f56bfc062723c751e8b465ee728b)  -> (artifact id: '342fddf818841a55f35a4502c8cc85cd') in 0.055266 seconds 
========================================================================
Received Import Request.
  Time since last request: 0.000040 seconds.
  path: Assets/Free Models in 3D/kitchen-furniture/Materials/Table_Kitchen_Combined_A_DefaultMaterial_basecolor.mat
  artifactKey: Guid(c441e756e8d8e3445a6d00b957b38112) Importer(815301076,1909f56bfc062723c751e8b465ee728b)
Start importing Assets/Free Models in 3D/kitchen-furniture/Materials/Table_Kitchen_Combined_A_DefaultMaterial_basecolor.mat using Guid(c441e756e8d8e3445a6d00b957b38112) Importer(815301076,1909f56bfc062723c751e8b465ee728b)  -> (artifact id: 'f4475358f905798d0986fc52b55961b2') in 0.058008 seconds 
========================================================================
Received Import Request.
  Time since last request: 0.000025 seconds.
  path: Assets/Free Models in 3D/kitchen-furniture/Materials/Table_Kitchen_Combined_A_Roughness@channels=G.mat
  artifactKey: Guid(b0998d9c99e72204e88be1aca25b4493) Importer(815301076,1909f56bfc062723c751e8b465ee728b)
Start importing Assets/Free Models in 3D/kitchen-furniture/Materials/Table_Kitchen_Combined_A_Roughness@channels=G.mat using Guid(b0998d9c99e72204e88be1aca25b4493) Importer(815301076,1909f56bfc062723c751e8b465ee728b)  -> (artifact id: 'b6a2299b364387a430ffacc173c258be') in 0.069160 seconds 
========================================================================
Received Import Request.
  Time since last request: 10935.937034 seconds.
  path: Assets/XRI
  artifactKey: Guid(7cfcada98b488af46a77ceb281af36ac) Importer(815301076,1909f56bfc062723c751e8b465ee728b)
Start importing Assets/XRI using Guid(7cfcada98b488af46a77ceb281af36ac) Importer(815301076,1909f56bfc062723c751e8b465ee728b)  -> (artifact id: '39d7f6746ec6511387b7ac2754fe705e') in 0.015423 seconds 
========================================================================
Received Import Request.
  Time since last request: 998.353072 seconds.
  path: Assets/Free Models in 3D/porcelain-plate-from-the-flora-danica-service
  artifactKey: Guid(c39b3da8cd5fc2044aa6b25d4891b974) Importer(815301076,1909f56bfc062723c751e8b465ee728b)
Start importing Assets/Free Models in 3D/porcelain-plate-from-the-flora-danica-service using Guid(c39b3da8cd5fc2044aa6b25d4891b974) Importer(815301076,1909f56bfc062723c751e8b465ee728b)  -> (artifact id: '8e156489233f760bcab845b5b0add99b') in 0.013208 seconds 
========================================================================
Received Import Request.
  Time since last request: 1.028209 seconds.
  path: Assets/Free Models in 3D/porcelain-plate-from-the-flora-danica-service/source
  artifactKey: Guid(95b90a547c9b13940bcb626c809649e2) Importer(815301076,1909f56bfc062723c751e8b465ee728b)
Start importing Assets/Free Models in 3D/porcelain-plate-from-the-flora-danica-service/source using Guid(95b90a547c9b13940bcb626c809649e2) Importer(815301076,1909f56bfc062723c751e8b465ee728b)  -> (artifact id: '516e60960bbd018cf2a7116f02dbdaa4') in 0.017337 seconds 
========================================================================
Received Import Request.
  Time since last request: 0.888647 seconds.
  path: Assets/Free Models in 3D/porcelain-plate-from-the-flora-danica-service/source/KGZ_4970_Talerz_FLORA_DANICA.zip
  artifactKey: Guid(4b068b4f33e85d140acbcb2567ba8db1) Importer(815301076,1909f56bfc062723c751e8b465ee728b)
Start importing Assets/Free Models in 3D/porcelain-plate-from-the-flora-danica-service/source/KGZ_4970_Talerz_FLORA_DANICA.zip using Guid(4b068b4f33e85d140acbcb2567ba8db1) Importer(815301076,1909f56bfc062723c751e8b465ee728b)  -> (artifact id: 'a8c4475c87d9b4dc0fe6e8bec104750f') in 0.031482 seconds 
========================================================================
Received Import Request.
  Time since last request: 37.876590 seconds.
  path: Assets/Free Models in 3D/porcelain-plate-from-the-flora-danica-service/source/KGZ_4970_Talerz_FLORA_DANICA
  artifactKey: Guid(a261b82a167be564eac7be331b63eb6c) Importer(815301076,1909f56bfc062723c751e8b465ee728b)
Start importing Assets/Free Models in 3D/porcelain-plate-from-the-flora-danica-service/source/KGZ_4970_Talerz_FLORA_DANICA using Guid(a261b82a167be564eac7be331b63eb6c) Importer(815301076,1909f56bfc062723c751e8b465ee728b)  -> (artifact id: 'cbdbcb500652ede2d83bafa9f5111b3b') in 0.015251 seconds 
========================================================================
Received Import Request.
  Time since last request: 0.041161 seconds.
  path: Assets/Free Models in 3D/porcelain-plate-from-the-flora-danica-service/source/KGZ_4970_Talerz_FLORA_DANICA/KGZ_4970_Talerz_FLORA_DANICA.blend
  artifactKey: Guid(b319d3571f3b79b4698f393e3e41f267) Importer(815301076,1909f56bfc062723c751e8b465ee728b)
Start importing Assets/Free Models in 3D/porcelain-plate-from-the-flora-danica-service/source/KGZ_4970_Talerz_FLORA_DANICA/KGZ_4970_Talerz_FLORA_DANICA.blend using Guid(b319d3571f3b79b4698f393e3e41f267) Importer(815301076,1909f56bfc062723c751e8b465ee728b)  -> (artifact id: '37cd381394f1d9607f85b676cbf0666f') in 0.133513 seconds 
========================================================================
Received Import Request.
  Time since last request: 78.478136 seconds.
  path: Assets/Free Models in 3D/porcelain-plate-from-the-flora-danica-service/textures
  artifactKey: Guid(01627729f113c4145bd8c6727b3ccee3) Importer(815301076,1909f56bfc062723c751e8b465ee728b)
Start importing Assets/Free Models in 3D/porcelain-plate-from-the-flora-danica-service/textures using Guid(01627729f113c4145bd8c6727b3ccee3) Importer(815301076,1909f56bfc062723c751e8b465ee728b)  -> (artifact id: '7a7ddb1ef0bce2daf0888d4e604a1525') in 0.015534 seconds 
========================================================================
Received Import Request.
  Time since last request: 0.066285 seconds.
  path: Assets/Free Models in 3D/porcelain-plate-from-the-flora-danica-service/textures/internal_ground_ao_texture.jpeg
  artifactKey: Guid(6a22bfb6465770f49aba7d4cb916be41) Importer(815301076,1909f56bfc062723c751e8b465ee728b)
Start importing Assets/Free Models in 3D/porcelain-plate-from-the-flora-danica-service/textures/internal_ground_ao_texture.jpeg using Guid(6a22bfb6465770f49aba7d4cb916be41) Importer(815301076,1909f56bfc062723c751e8b465ee728b)  -> (artifact id: 'be006e3bcc127940e789efdda13be955') in 0.037119 seconds 
========================================================================
Received Import Request.
  Time since last request: 0.000020 seconds.
  path: Assets/Free Models in 3D/porcelain-plate-from-the-flora-danica-service/textures/KGZ_4970_Talerz_FLORA_DANICA_select2_u1_v1.png
  artifactKey: Guid(74457400f7047fd47b0631e849a22b0d) Importer(815301076,1909f56bfc062723c751e8b465ee728b)
Start importing Assets/Free Models in 3D/porcelain-plate-from-the-flora-danica-service/textures/KGZ_4970_Talerz_FLORA_DANICA_select2_u1_v1.png using Guid(74457400f7047fd47b0631e849a22b0d) Importer(815301076,1909f56bfc062723c751e8b465ee728b)  -> (artifact id: 'b7d1e70b043ea77ad1c6a6acf36979cd') in 0.033659 seconds 
========================================================================
Received Import Request.
  Time since last request: 1055.254752 seconds.
  path: Assets/Free Models in 3D/birthday-candle
  artifactKey: Guid(7122bbd522725224c980d113e2c4fce5) Importer(815301076,1909f56bfc062723c751e8b465ee728b)
Start importing Assets/Free Models in 3D/birthday-candle using Guid(7122bbd522725224c980d113e2c4fce5) Importer(815301076,1909f56bfc062723c751e8b465ee728b)  -> (artifact id: 'bf2b26361ace36117e7f5d896be2d80c') in 0.016305 seconds 
========================================================================
Received Import Request.
  Time since last request: 0.471438 seconds.
  path: Assets/Free Models in 3D/birthday-candle/source
  artifactKey: Guid(47cafd01d3e6e37489716fd9c49e9698) Importer(815301076,1909f56bfc062723c751e8b465ee728b)
Start importing Assets/Free Models in 3D/birthday-candle/source using Guid(47cafd01d3e6e37489716fd9c49e9698) Importer(815301076,1909f56bfc062723c751e8b465ee728b)  -> (artifact id: '293d7f87669408c9bbdfee9fc550d08d') in 0.014104 seconds 
========================================================================
Received Import Request.
  Time since last request: 0.383455 seconds.
  path: Assets/Free Models in 3D/birthday-candle/source/bday_candle.blend
  artifactKey: Guid(7ac2fb7d832712c4091f6ae212c075b7) Importer(815301076,1909f56bfc062723c751e8b465ee728b)
Start importing Assets/Free Models in 3D/birthday-candle/source/bday_candle.blend using Guid(7ac2fb7d832712c4091f6ae212c075b7) Importer(815301076,1909f56bfc062723c751e8b465ee728b)  -> (artifact id: 'd125b4d0a913f1c9c2a35631be2024d7') in 0.073486 seconds 
========================================================================
Received Import Request.
  Time since last request: 631.157669 seconds.
  path: Assets/Free Models in 3D/porcelain-plate-from-the-flora-danica-service/Materials/KGZ_4970_Talerz_FLORA_DANICA_select2_u1_v1.mat
  artifactKey: Guid(dc562963e616003458640baa77eb33f8) Importer(815301076,1909f56bfc062723c751e8b465ee728b)
Start importing Assets/Free Models in 3D/porcelain-plate-from-the-flora-danica-service/Materials/KGZ_4970_Talerz_FLORA_DANICA_select2_u1_v1.mat using Guid(dc562963e616003458640baa77eb33f8) Importer(815301076,1909f56bfc062723c751e8b465ee728b)  -> (artifact id: 'af86ec66b1d8a07c2b7f64bfba4f1b72') in 0.069695 seconds 
========================================================================
Received Import Request.
  Time since last request: 113.244814 seconds.
  path: Assets/Materials/New Material 2.mat
  artifactKey: Guid(3f71aaa8a70bf5147b638c95c1443a6e) Importer(815301076,1909f56bfc062723c751e8b465ee728b)
Start importing Assets/Materials/New Material 2.mat using Guid(3f71aaa8a70bf5147b638c95c1443a6e) Importer(815301076,1909f56bfc062723c751e8b465ee728b)  -> (artifact id: 'da9f8c9ac8b3fae13f30c80f5aa0d9b0') in 0.033962 seconds 
========================================================================
Received Import Request.
  Time since last request: 47.942382 seconds.
  path: Assets/Materials/curtain.mat
  artifactKey: Guid(3f71aaa8a70bf5147b638c95c1443a6e) Importer(815301076,1909f56bfc062723c751e8b465ee728b)
Start importing Assets/Materials/curtain.mat using Guid(3f71aaa8a70bf5147b638c95c1443a6e) Importer(815301076,1909f56bfc062723c751e8b465ee728b)  -> (artifact id: 'c09705ca5f06a896c668d1b143d6b810') in 0.030028 seconds 
========================================================================
Received Import Request.
  Time since last request: 26.902391 seconds.
  path: Assets/Materials/New Material 2.mat
  artifactKey: Guid(218d7c1527325264984d155f9ef4f998) Importer(815301076,1909f56bfc062723c751e8b465ee728b)
Start importing Assets/Materials/New Material 2.mat using Guid(218d7c1527325264984d155f9ef4f998) Importer(815301076,1909f56bfc062723c751e8b465ee728b)  -> (artifact id: '59947bcf9063b1273d58ba0b563ad395') in 0.031568 seconds 
========================================================================
Received Import Request.
  Time since last request: 158.412813 seconds.
  path: Assets/Materials/wood.jpg
  artifactKey: Guid(76406aa74069ea647a8cb17ce06fa04e) Importer(815301076,1909f56bfc062723c751e8b465ee728b)
Start importing Assets/Materials/wood.jpg using Guid(76406aa74069ea647a8cb17ce06fa04e) Importer(815301076,1909f56bfc062723c751e8b465ee728b)  -> (artifact id: '0e5743f004f928bf835566c0ccbce2d1') in 0.037909 seconds 
========================================================================
Received Import Request.
  Time since last request: 55.603358 seconds.
  path: Assets/Materials/New Material 3.mat
  artifactKey: Guid(e458b020048a37d48822eb0fb22e833b) Importer(815301076,1909f56bfc062723c751e8b465ee728b)
Start importing Assets/Materials/New Material 3.mat using Guid(e458b020048a37d48822eb0fb22e833b) Importer(815301076,1909f56bfc062723c751e8b465ee728b)  -> (artifact id: '936fda6602ce6e8c06860fa822a8d640') in 0.029148 seconds 
========================================================================
Received Import Request.
  Time since last request: 49.051617 seconds.
  path: Assets/Materials/New Material 4.mat
  artifactKey: Guid(272a607ae07d99e44950bf9ab8fd9a5c) Importer(815301076,1909f56bfc062723c751e8b465ee728b)
Start importing Assets/Materials/New Material 4.mat using Guid(272a607ae07d99e44950bf9ab8fd9a5c) Importer(815301076,1909f56bfc062723c751e8b465ee728b)  -> (artifact id: '5659d8f149ed7b3bb326ab878842d500') in 0.031808 seconds 
========================================================================
Received Import Request.
  Time since last request: 82.831248 seconds.
  path: Assets/Materials/New Material 2.mat
  artifactKey: Guid(218d7c1527325264984d155f9ef4f998) Importer(815301076,1909f56bfc062723c751e8b465ee728b)
Start importing Assets/Materials/New Material 2.mat using Guid(218d7c1527325264984d155f9ef4f998) Importer(815301076,1909f56bfc062723c751e8b465ee728b)  -> (artifact id: '8b0c90bcfd06177e12d548c19985dbf7') in 0.032982 seconds 
========================================================================
Received Import Request.
  Time since last request: 80.342779 seconds.
  path: Assets/Materials/wall.mat
  artifactKey: Guid(de32ab6d6432d214890b5c5379cca9c5) Importer(815301076,1909f56bfc062723c751e8b465ee728b)
Start importing Assets/Materials/wall.mat using Guid(de32ab6d6432d214890b5c5379cca9c5) Importer(815301076,1909f56bfc062723c751e8b465ee728b)  -> (artifact id: 'ab620a81f95ad953299aa98ab3eb5a75') in 0.033129 seconds 
========================================================================
Received Prepare
Registering precompiled user dll's ...
Registered in 0.039215 seconds.
Begin MonoManager ReloadAssembly
Symbol file LoadedFromMemory doesn't match image C:\Users\Imaginarium Admin\Documents\GitHub\COMM-170-Jiang\Library\PackageCache\com.unity.visualscripting@1.8.0\Editor\VisualScripting.Core\Dependencies\YamlDotNet\Unity.VisualScripting.YamlDotNet.dll
Symbol file LoadedFromMemory doesn't match image C:\Users\Imaginarium Admin\Documents\GitHub\COMM-170-Jiang\Library\PackageCache\com.unity.visualscripting@1.8.0\Editor\VisualScripting.Core\Dependencies\DotNetZip\Unity.VisualScripting.IonicZip.dll
Native extension for WindowsStandalone target not found
Refreshing native plugins compatible for Editor in 0.63 ms, found 3 plugins.
Preloading 0 native plugins for Editor in 0.00 ms.
Mono: successfully reloaded assembly
- Completed reload, in  3.078 seconds
Domain Reload Profiling:
	ReloadAssembly (3081ms)
		BeginReloadAssembly (1451ms)
			ExecutionOrderSort (0ms)
			DisableScriptedObjects (29ms)
			BackupInstance (0ms)
			ReleaseScriptingObjects (0ms)
			CreateAndSetChildDomain (237ms)
		EndReloadAssembly (1452ms)
			LoadAssemblies (1381ms)
			RebuildTransferFunctionScriptingTraits (0ms)
			SetupTypeCache (467ms)
			ReleaseScriptCaches (1ms)
			RebuildScriptCaches (59ms)
			SetupLoadedEditorAssemblies (494ms)
				LogAssemblyErrors (0ms)
				InitializePlatformSupportModulesInManaged (12ms)
				SetLoadedEditorAssemblies (1ms)
				RefreshPlugins (1ms)
				BeforeProcessingInitializeOnLoad (94ms)
				ProcessInitializeOnLoadAttributes (336ms)
				ProcessInitializeOnLoadMethodAttributes (27ms)
				AfterProcessingInitializeOnLoad (23ms)
				EditorAssembliesLoaded (0ms)
			ExecutionOrderSort2 (0ms)
			AwakeInstancesAfterBackupRestoration (15ms)
Platform modules already initialized, skipping
Refreshing native plugins compatible for Editor in 8.29 ms, found 3 plugins.
Preloading 0 native plugins for Editor in 0.00 ms.
Unloading 2912 Unused Serialized files (Serialized files now loaded: 0)
Unloading 14 unused Assets / (34.7 KB). Loaded Objects now: 3430.
Memory consumption went from 107.6 MB to 107.6 MB.
Total: 4.072300 ms (FindLiveObjects: 0.324700 ms CreateObjectMapping: 0.137800 ms MarkObjects: 3.529300 ms  DeleteObjects: 0.079200 ms)

AssetImportParameters requested are different than current active one (requested -> active):
  custom:video-decoder-ogg-theora: a1e56fd34408186e4bbccfd4996cb3dc -> 
  custom:container-muxer-webm: aa71ff27fc2769a1b78a27578f13a17b -> 
  custom:container-demuxer-webm: 4f35f7cbe854078d1ac9338744f61a02 -> 
  custom:video-encoder-webm-vp8: eb34c28f22e8b96e1ab97ce403110664 -> 
  custom:audio-encoder-webm-vorbis: bf7c407c2cedff20999df2af8eb42d56 -> 
  custom:framework-win-MediaFoundation: 216162199b28c13a410421893ffa2e32 -> 
  custom:container-demuxer-ogg: 62fdf1f143b41e24485cea50d1cbac27 -> 
  custom:video-decoder-webm-vp8: 9c59270c3fd7afecdb556c50c9e8de78 -> 
  custom:audio-decoder-ogg-vorbis: bf7c407c2cedff20999df2af8eb42d56 -> 
========================================================================
Received Import Request.
  Time since last request: 173.246403 seconds.
  path: Assets/Scenes/tree.unity
  artifactKey: Guid(512de53253ba4684f94d6d6afec29727) Importer(815301076,1909f56bfc062723c751e8b465ee728b)
Start importing Assets/Scenes/tree.unity using Guid(512de53253ba4684f94d6d6afec29727) Importer(815301076,1909f56bfc062723c751e8b465ee728b)  -> (artifact id: '3fd6bc9182b43426ca75ce33988084de') in 0.019464 seconds 
========================================================================
Received Import Request.
  Time since last request: 2.124134 seconds.
  path: Assets/Scenes/cake.unity
  artifactKey: Guid(4419172952422a6488f4a5c8f40ee471) Importer(815301076,1909f56bfc062723c751e8b465ee728b)
Start importing Assets/Scenes/cake.unity using Guid(4419172952422a6488f4a5c8f40ee471) Importer(815301076,1909f56bfc062723c751e8b465ee728b)  -> (artifact id: '53af777e3152014d865a4e5ddcad3541') in 0.012679 seconds 
========================================================================
Received Import Request.
  Time since last request: 139.444743 seconds.
  path: Assets/Materials/New Material 5.mat
  artifactKey: Guid(a8dde46236000c449a350ba5ee61aea2) Importer(815301076,1909f56bfc062723c751e8b465ee728b)
Start importing Assets/Materials/New Material 5.mat using Guid(a8dde46236000c449a350ba5ee61aea2) Importer(815301076,1909f56bfc062723c751e8b465ee728b)  -> (artifact id: '6a6fea13f948e18098243aa1c5f7dc93') in 0.125625 seconds 
========================================================================
Received Import Request.
  Time since last request: 115.389265 seconds.
  path: Assets/Materials/glass.mat
  artifactKey: Guid(f374a3fec34a0d2409981149a7aed66f) Importer(815301076,1909f56bfc062723c751e8b465ee728b)
Start importing Assets/Materials/glass.mat using Guid(f374a3fec34a0d2409981149a7aed66f) Importer(815301076,1909f56bfc062723c751e8b465ee728b)  -> (artifact id: '483badc29192082523c448faf1897c2a') in 0.045880 seconds 
========================================================================
Received Import Request.
  Time since last request: 116.425242 seconds.
  path: Assets/Materials/glass.mat
  artifactKey: Guid(f374a3fec34a0d2409981149a7aed66f) Importer(815301076,1909f56bfc062723c751e8b465ee728b)
Start importing Assets/Materials/glass.mat using Guid(f374a3fec34a0d2409981149a7aed66f) Importer(815301076,1909f56bfc062723c751e8b465ee728b)  -> (artifact id: '6e1c6f09728c5b3c659200cb760344d4') in 0.347096 seconds 
