Using pre-set license
Built from '2021.3/staging' branch; Version is '2021.3.24f1 (cf10dcf7010d) revision 13570268'; Using compiler version '192829333'; Build Type 'Release'
OS: 'Windows 10  (10.0.19045) 64bit ProfessionalWorkstation' Language: 'en' Physical Memory: 16306 MB
BatchMode: 1, IsHumanControllingUs: 0, StartBugReporterOnCrash: 0, Is64bit: 1, IsPro: 1

COMMAND LINE ARGUMENTS:
C:\Program Files\Unity\Hub\Editor\2021.3.24f1\Editor\Unity.exe
-adb2
-batchMode
-noUpm
-name
AssetImportWorker6
-projectPath
C:/Users/Imaginarium Admin/Documents/GitHub/COMM-170-Jiang
-logFile
Logs/AssetImportWorker6.log
-srvPort
65021
Successfully changed project path to: C:/Users/Imaginarium Admin/Documents/GitHub/COMM-170-Jiang
C:/Users/Imaginarium Admin/Documents/GitHub/COMM-170-Jiang
[UnityMemory] Configuration Parameters - Can be set up in boot.config
    "memorysetup-bucket-allocator-granularity=16"
    "memorysetup-bucket-allocator-bucket-count=8"
    "memorysetup-bucket-allocator-block-size=33554432"
    "memorysetup-bucket-allocator-block-count=8"
    "memorysetup-main-allocator-block-size=16777216"
    "memorysetup-thread-allocator-block-size=16777216"
    "memorysetup-gfx-main-allocator-block-size=16777216"
    "memorysetup-gfx-thread-allocator-block-size=16777216"
    "memorysetup-cache-allocator-block-size=4194304"
    "memorysetup-typetree-allocator-block-size=2097152"
    "memorysetup-profiler-bucket-allocator-granularity=16"
    "memorysetup-profiler-bucket-allocator-bucket-count=8"
    "memorysetup-profiler-bucket-allocator-block-size=33554432"
    "memorysetup-profiler-bucket-allocator-block-count=8"
    "memorysetup-profiler-allocator-block-size=16777216"
    "memorysetup-profiler-editor-allocator-block-size=1048576"
    "memorysetup-temp-allocator-size-main=16777216"
    "memorysetup-job-temp-allocator-block-size=2097152"
    "memorysetup-job-temp-allocator-block-size-background=1048576"
    "memorysetup-job-temp-allocator-reduction-small-platforms=262144"
    "memorysetup-temp-allocator-size-background-worker=32768"
    "memorysetup-temp-allocator-size-job-worker=262144"
    "memorysetup-temp-allocator-size-preload-manager=33554432"
    "memorysetup-temp-allocator-size-nav-mesh-worker=65536"
    "memorysetup-temp-allocator-size-audio-worker=65536"
    "memorysetup-temp-allocator-size-cloud-worker=32768"
    "memorysetup-temp-allocator-size-gi-baking-worker=262144"
    "memorysetup-temp-allocator-size-gfx=262144"
Player connection [2496] Host "[IP] 172.16.3.103 [Port] 0 [Flags] 2 [Guid] 456577418 [EditorId] 456577418 [Version] 1048832 [Id] WindowsEditor(7,IMG-D-01006) [Debug] 1 [PackageName] WindowsEditor [ProjectName] Editor" joined multi-casting on [225.0.0.222:54997]...

Player connection [2496] Host "[IP] 172.16.3.103 [Port] 0 [Flags] 2 [Guid] 456577418 [EditorId] 456577418 [Version] 1048832 [Id] WindowsEditor(7,IMG-D-01006) [Debug] 1 [PackageName] WindowsEditor [ProjectName] Editor" joined alternative multi-casting on [225.0.0.222:34997]...

Refreshing native plugins compatible for Editor in 297.05 ms, found 9 plugins.
Preloading 0 native plugins for Editor in 0.00 ms.
Initialize engine version: 2021.3.24f1 (cf10dcf7010d)
[Subsystems] Discovering subsystems at path C:/Program Files/Unity/Hub/Editor/2021.3.24f1/Editor/Data/Resources/UnitySubsystems
[Subsystems] Discovering subsystems at path C:/Users/Imaginarium Admin/Documents/GitHub/COMM-170-Jiang/Assets
GfxDevice: creating device client; threaded=0; jobified=0
Direct3D:
    Version:  Direct3D 11.0 [level 11.1]
    Renderer: NVIDIA Quadro P4000 (ID=0x1bb1)
    Vendor:   NVIDIA
    VRAM:     8089 MB
    Driver:   30.0.14.7212
Initialize mono
Mono path[0] = 'C:/Program Files/Unity/Hub/Editor/2021.3.24f1/Editor/Data/Managed'
Mono path[1] = 'C:/Program Files/Unity/Hub/Editor/2021.3.24f1/Editor/Data/MonoBleedingEdge/lib/mono/unityjit-win32'
Mono config path = 'C:/Program Files/Unity/Hub/Editor/2021.3.24f1/Editor/Data/MonoBleedingEdge/etc'
Using monoOptions --debugger-agent=transport=dt_socket,embedding=1,server=y,suspend=n,address=127.0.0.1:56908
Begin MonoManager ReloadAssembly
Registering precompiled unity dll's ...
Register platform support module: C:/Program Files/Unity/Hub/Editor/2021.3.24f1/Editor/Data/PlaybackEngines/WindowsStandaloneSupport/UnityEditor.WindowsStandalone.Extensions.dll
Registered in 0.023399 seconds.
Native extension for WindowsStandalone target not found
Refreshing native plugins compatible for Editor in 92.88 ms, found 9 plugins.
Preloading 0 native plugins for Editor in 0.00 ms.
Mono: successfully reloaded assembly
- Completed reload, in  1.258 seconds
Domain Reload Profiling:
	ReloadAssembly (1259ms)
		BeginReloadAssembly (271ms)
			ExecutionOrderSort (0ms)
			DisableScriptedObjects (0ms)
			BackupInstance (0ms)
			ReleaseScriptingObjects (0ms)
			CreateAndSetChildDomain (1ms)
		EndReloadAssembly (771ms)
			LoadAssemblies (268ms)
			RebuildTransferFunctionScriptingTraits (0ms)
			SetupTypeCache (192ms)
			ReleaseScriptCaches (0ms)
			RebuildScriptCaches (34ms)
			SetupLoadedEditorAssemblies (463ms)
				LogAssemblyErrors (0ms)
				InitializePlatformSupportModulesInManaged (13ms)
				SetLoadedEditorAssemblies (0ms)
				RefreshPlugins (93ms)
				BeforeProcessingInitializeOnLoad (1ms)
				ProcessInitializeOnLoadAttributes (276ms)
				ProcessInitializeOnLoadMethodAttributes (79ms)
				AfterProcessingInitializeOnLoad (0ms)
				EditorAssembliesLoaded (0ms)
			ExecutionOrderSort2 (0ms)
			AwakeInstancesAfterBackupRestoration (0ms)
Platform modules already initialized, skipping
Registering precompiled user dll's ...
Registered in 0.092068 seconds.
Begin MonoManager ReloadAssembly
Native extension for WindowsStandalone target not found
Refreshing native plugins compatible for Editor in 108.56 ms, found 9 plugins.
Preloading 0 native plugins for Editor in 0.00 ms.
Package Manager log level set to [2]
Mono: successfully reloaded assembly
- Completed reload, in  8.946 seconds
Domain Reload Profiling:
	ReloadAssembly (8947ms)
		BeginReloadAssembly (281ms)
			ExecutionOrderSort (0ms)
			DisableScriptedObjects (10ms)
			BackupInstance (0ms)
			ReleaseScriptingObjects (0ms)
			CreateAndSetChildDomain (27ms)
		EndReloadAssembly (8458ms)
			LoadAssemblies (6934ms)
			RebuildTransferFunctionScriptingTraits (0ms)
			SetupTypeCache (600ms)
			ReleaseScriptCaches (1ms)
			RebuildScriptCaches (85ms)
			SetupLoadedEditorAssemblies (880ms)
				LogAssemblyErrors (0ms)
				InitializePlatformSupportModulesInManaged (12ms)
				SetLoadedEditorAssemblies (0ms)
				RefreshPlugins (109ms)
				BeforeProcessingInitializeOnLoad (169ms)
				ProcessInitializeOnLoadAttributes (508ms)
				ProcessInitializeOnLoadMethodAttributes (59ms)
				AfterProcessingInitializeOnLoad (22ms)
				EditorAssembliesLoaded (0ms)
			ExecutionOrderSort2 (0ms)
			AwakeInstancesAfterBackupRestoration (12ms)
Platform modules already initialized, skipping
========================================================================
Worker process is ready to serve import requests
Launched and connected shader compiler UnityShaderCompiler.exe after 0.29 seconds
Refreshing native plugins compatible for Editor in 0.83 ms, found 9 plugins.
Preloading 0 native plugins for Editor in 0.00 ms.
Unloading 4097 Unused Serialized files (Serialized files now loaded: 0)
Unloading 48 unused Assets / (57.6 KB). Loaded Objects now: 4556.
Memory consumption went from 152.3 MB to 152.2 MB.
Total: 4.376400 ms (FindLiveObjects: 0.408300 ms CreateObjectMapping: 0.221200 ms MarkObjects: 3.646800 ms  DeleteObjects: 0.099200 ms)

AssetImportParameters requested are different than current active one (requested -> active):
  custom:video-decoder-ogg-theora: a1e56fd34408186e4bbccfd4996cb3dc -> 
  custom:container-muxer-webm: aa71ff27fc2769a1b78a27578f13a17b -> 
  custom:container-demuxer-webm: 4f35f7cbe854078d1ac9338744f61a02 -> 
  custom:video-encoder-webm-vp8: eb34c28f22e8b96e1ab97ce403110664 -> 
  custom:audio-encoder-webm-vorbis: bf7c407c2cedff20999df2af8eb42d56 -> 
  custom:framework-win-MediaFoundation: 216162199b28c13a410421893ffa2e32 -> 
  custom:container-demuxer-ogg: 62fdf1f143b41e24485cea50d1cbac27 -> 
  custom:video-decoder-webm-vp8: 9c59270c3fd7afecdb556c50c9e8de78 -> 
  custom:audio-decoder-ogg-vorbis: bf7c407c2cedff20999df2af8eb42d56 -> 
========================================================================
Received Import Request.
  Time since last request: 2867316.337111 seconds.
  path: Assets/Free Models in 3D/kitchen-furniture/Materials
  artifactKey: Guid(8bed3baae5c601f4d94059ddded66fcc) Importer(815301076,1909f56bfc062723c751e8b465ee728b)
Start importing Assets/Free Models in 3D/kitchen-furniture/Materials using Guid(8bed3baae5c601f4d94059ddded66fcc) Importer(815301076,1909f56bfc062723c751e8b465ee728b)  -> (artifact id: '93b5a956fe63f9a6685aeacdca132967') in 0.020446 seconds 
========================================================================
Received Import Request.
  Time since last request: 1.309915 seconds.
  path: Assets/Free Models in 3D/flowers/textures
  artifactKey: Guid(acb0b992e07a9bc4cb38caf7ca1cdc20) Importer(815301076,1909f56bfc062723c751e8b465ee728b)
Start importing Assets/Free Models in 3D/flowers/textures using Guid(acb0b992e07a9bc4cb38caf7ca1cdc20) Importer(815301076,1909f56bfc062723c751e8b465ee728b)  -> (artifact id: '61ace77ac7673663de3592d454b4e6ea') in 0.015374 seconds 
========================================================================
Received Import Request.
  Time since last request: 2.973259 seconds.
  path: Assets/Free Models in 3D/strawberry (1)/textures
  artifactKey: Guid(1096e9460d1d1bd40ae518f7492164d9) Importer(815301076,1909f56bfc062723c751e8b465ee728b)
Start importing Assets/Free Models in 3D/strawberry (1)/textures using Guid(1096e9460d1d1bd40ae518f7492164d9) Importer(815301076,1909f56bfc062723c751e8b465ee728b)  -> (artifact id: 'f0cc3cc024a6a91bd68674fdc8fb56c0') in 0.013205 seconds 
========================================================================
Received Import Request.
  Time since last request: 0.368756 seconds.
  path: Assets/Free Models in 3D/kitchen-appliances/Materials
  artifactKey: Guid(b00df39e282d8944992bff84e4598090) Importer(815301076,1909f56bfc062723c751e8b465ee728b)
Start importing Assets/Free Models in 3D/kitchen-appliances/Materials using Guid(b00df39e282d8944992bff84e4598090) Importer(815301076,1909f56bfc062723c751e8b465ee728b)  -> (artifact id: '3111117b82ef83f4a2dc333a56a500ce') in 0.026123 seconds 
========================================================================
Received Import Request.
  Time since last request: 0.163354 seconds.
  path: Assets/Scenes/cake.unity
  artifactKey: Guid(4419172952422a6488f4a5c8f40ee471) Importer(815301076,1909f56bfc062723c751e8b465ee728b)
Start importing Assets/Scenes/cake.unity using Guid(4419172952422a6488f4a5c8f40ee471) Importer(815301076,1909f56bfc062723c751e8b465ee728b)  -> (artifact id: '08efa7684f2aaf6ac4efa59da470680a') in 0.013127 seconds 
========================================================================
Received Import Request.
  Time since last request: 0.121423 seconds.
  path: Assets/Free Models in 3D/strawberry (1)/textures/MORANGO.jpg
  artifactKey: Guid(80432500b24f6834ab9256f7fe976886) Importer(815301076,1909f56bfc062723c751e8b465ee728b)
Start importing Assets/Free Models in 3D/strawberry (1)/textures/MORANGO.jpg using Guid(80432500b24f6834ab9256f7fe976886) Importer(815301076,1909f56bfc062723c751e8b465ee728b)  -> (artifact id: '0664c84a5a982088a7f32f62f6813e9e') in 0.386046 seconds 
========================================================================
Received Import Request.
  Time since last request: 0.468497 seconds.
  path: Assets/Free Models in 3D/porcelain-plate-from-the-flora-danica-service/Materials
  artifactKey: Guid(35bc602689753bc45b7b4061d1139850) Importer(815301076,1909f56bfc062723c751e8b465ee728b)
Start importing Assets/Free Models in 3D/porcelain-plate-from-the-flora-danica-service/Materials using Guid(35bc602689753bc45b7b4061d1139850) Importer(815301076,1909f56bfc062723c751e8b465ee728b)  -> (artifact id: '12a0d79f92e34c82834a2b2b202642ff') in 0.014723 seconds 
========================================================================
Received Import Request.
  Time since last request: 0.168233 seconds.
  path: Assets/Scenes/SampleScene.unity
  artifactKey: Guid(9fc0d4010bbf28b4594072e72b8655ab) Importer(815301076,1909f56bfc062723c751e8b465ee728b)
Start importing Assets/Scenes/SampleScene.unity using Guid(9fc0d4010bbf28b4594072e72b8655ab) Importer(815301076,1909f56bfc062723c751e8b465ee728b)  -> (artifact id: '8f2dbbc1cedfd0107ca1ad38e8220053') in 0.015672 seconds 
========================================================================
Received Import Request.
  Time since last request: 0.510900 seconds.
  path: Assets/Free Models in 3D/old-tree/Materials
  artifactKey: Guid(27ac9cc54cb2da74ab921da66fd5b907) Importer(815301076,1909f56bfc062723c751e8b465ee728b)
Start importing Assets/Free Models in 3D/old-tree/Materials using Guid(27ac9cc54cb2da74ab921da66fd5b907) Importer(815301076,1909f56bfc062723c751e8b465ee728b)  -> (artifact id: 'b34718bca6ac74b2adc1ebf0b4c1c499') in 0.014777 seconds 
========================================================================
Received Import Request.
  Time since last request: 0.836220 seconds.
  path: Assets/Free Models in 3D/old-tree/textures
  artifactKey: Guid(560a993fa7aa15444b70e3c7a3ec7237) Importer(815301076,1909f56bfc062723c751e8b465ee728b)
Start importing Assets/Free Models in 3D/old-tree/textures using Guid(560a993fa7aa15444b70e3c7a3ec7237) Importer(815301076,1909f56bfc062723c751e8b465ee728b)  -> (artifact id: '88434a3c2a23e2c6c832fcfb608ec004') in 0.019886 seconds 
========================================================================
Received Import Request.
  Time since last request: 1.012393 seconds.
  path: Assets/Free Models in 3D/flowers
  artifactKey: Guid(7bd2e3e98d838b64db792a1e7c4d8cde) Importer(815301076,1909f56bfc062723c751e8b465ee728b)
Start importing Assets/Free Models in 3D/flowers using Guid(7bd2e3e98d838b64db792a1e7c4d8cde) Importer(815301076,1909f56bfc062723c751e8b465ee728b)  -> (artifact id: '14e36d000b063c164985ed2d2cd363d9') in 0.011141 seconds 
========================================================================
Received Import Request.
  Time since last request: 0.341818 seconds.
  path: Assets/Materials/Materials/wood.mat
  artifactKey: Guid(944f9c026f3149c4a9fb0942b80a19e6) Importer(815301076,1909f56bfc062723c751e8b465ee728b)
Start importing Assets/Materials/Materials/wood.mat using Guid(944f9c026f3149c4a9fb0942b80a19e6) Importer(815301076,1909f56bfc062723c751e8b465ee728b)  -> (artifact id: '99f938fd7130580e53f973d8f19381d6') in 0.141568 seconds 
========================================================================
Received Import Request.
  Time since last request: 0.776106 seconds.
  path: Assets/Free Models in 3D/strawberry (1)/textures/BMP.jpg
  artifactKey: Guid(1590aa8d82208fa4fa5ba177d0eddfff) Importer(815301076,1909f56bfc062723c751e8b465ee728b)
Start importing Assets/Free Models in 3D/strawberry (1)/textures/BMP.jpg using Guid(1590aa8d82208fa4fa5ba177d0eddfff) Importer(815301076,1909f56bfc062723c751e8b465ee728b)  -> (artifact id: '19f6997f506dea41aedab6097f1a56ff') in 0.041243 seconds 
========================================================================
Received Import Request.
  Time since last request: 0.703614 seconds.
  path: Assets/Scenes/cake2.unity
  artifactKey: Guid(c967ccdfd6e60a643a1879f89e0c1463) Importer(815301076,1909f56bfc062723c751e8b465ee728b)
Start importing Assets/Scenes/cake2.unity using Guid(c967ccdfd6e60a643a1879f89e0c1463) Importer(815301076,1909f56bfc062723c751e8b465ee728b)  -> (artifact id: 'd3c6bd313c1508e5cc59dcfa9037ad0f') in 0.013324 seconds 
